2026-02-14 16:49:12,404 - build_analyst_db - INFO - build_analyst_db.py:35 - Successfully connected to the analyst PostgreSQL database.
2026-02-14 16:49:12,404 - build_analyst_db - INFO - build_analyst_db.py:43 - Found 6 analyst table classes to create.
2026-02-14 16:49:12,404 - build_analyst_db - INFO - build_analyst_db.py:47 - Creating table for: AnalystFinancialBase
2026-02-14 16:49:12,436 - infrastructure.databases.analysis.postgre_manager.analyst_data_manager - INFO - analyst_data_manager.py:208 - Table analyst_financial_base dropped
2026-02-14 16:49:12,460 - infrastructure.databases.analysis.postgre_manager.analyst_data_manager - INFO - analyst_data_manager.py:197 - Table analyst_financial_base created
2026-02-14 16:49:12,460 - build_analyst_db - INFO - build_analyst_db.py:47 - Creating table for: AnalystFinancialExplanation
2026-02-14 16:49:12,461 - infrastructure.databases.analysis.postgre_manager.analyst_data_manager - INFO - analyst_data_manager.py:208 - Table analyst_financial_explanation dropped
2026-02-14 16:49:12,474 - infrastructure.databases.analysis.postgre_manager.analyst_data_manager - INFO - analyst_data_manager.py:197 - Table analyst_financial_explanation created
2026-02-14 16:49:12,474 - build_analyst_db - INFO - build_analyst_db.py:47 - Creating table for: AnalystFinancialScore
2026-02-14 16:49:12,475 - infrastructure.databases.analysis.postgre_manager.analyst_data_manager - INFO - analyst_data_manager.py:208 - Table analyst_financial_score dropped
2026-02-14 16:49:12,486 - infrastructure.databases.analysis.postgre_manager.analyst_data_manager - INFO - analyst_data_manager.py:197 - Table analyst_financial_score created
2026-02-14 16:49:12,486 - build_analyst_db - INFO - build_analyst_db.py:47 - Creating table for: AnalystQuantitativeBase
2026-02-14 16:49:12,496 - infrastructure.databases.analysis.postgre_manager.analyst_data_manager - INFO - analyst_data_manager.py:208 - Table analyst_quantitative_base dropped
2026-02-14 16:49:12,512 - infrastructure.databases.analysis.postgre_manager.analyst_data_manager - INFO - analyst_data_manager.py:197 - Table analyst_quantitative_base created
2026-02-14 16:49:12,512 - build_analyst_db - INFO - build_analyst_db.py:47 - Creating table for: AnalystQuantitativeExplanation
2026-02-14 16:49:12,516 - infrastructure.databases.analysis.postgre_manager.analyst_data_manager - INFO - analyst_data_manager.py:208 - Table analyst_quantitative_explanation dropped
2026-02-14 16:49:12,528 - infrastructure.databases.analysis.postgre_manager.analyst_data_manager - INFO - analyst_data_manager.py:197 - Table analyst_quantitative_explanation created
2026-02-14 16:49:12,528 - build_analyst_db - INFO - build_analyst_db.py:47 - Creating table for: AnalystQuantitativeScore
2026-02-14 16:49:12,534 - infrastructure.databases.analysis.postgre_manager.analyst_data_manager - INFO - analyst_data_manager.py:208 - Table analyst_quantitative_score dropped
2026-02-14 16:49:12,547 - infrastructure.databases.analysis.postgre_manager.analyst_data_manager - INFO - analyst_data_manager.py:197 - Table analyst_quantitative_score created
2026-02-14 16:49:12,548 - build_analyst_db - INFO - build_analyst_db.py:52 - Created 6 analyst tables
2026-02-14 16:49:12,550 - build_analyst_db - INFO - build_analyst_db.py:55 - Tables currently in the analyst database: ['analyst_financial_base', 'analyst_financial_explanation', 'analyst_financial_score', 'analyst_quantitative_base', 'analyst_quantitative_explanation', 'analyst_quantitative_score']
