2025-08-31 13:08:13,358 - db_drop_runner - INFO - drop_db.py:45 - Connected to the database successfully.
2025-08-31 13:08:13,358 - db_drop_runner - WARNING - drop_db.py:60 - 
⚠️  WARNING: You are about to delete 13 tables:
2025-08-31 13:08:16,491 - db_drop_runner - INFO - drop_db.py:74 - Dropping table: balance_sheet_annual
2025-08-31 13:08:16,517 - infrastructure.databases.company.postgre_manager.postgre_manager - INFO - postgre_manager.py:209 - Table balance_sheet_annual dropped
2025-08-31 13:08:16,517 - db_drop_runner - INFO - drop_db.py:74 - Dropping table: cash_flow_annual
2025-08-31 13:08:16,521 - infrastructure.databases.company.postgre_manager.postgre_manager - INFO - postgre_manager.py:209 - Table cash_flow_annual dropped
2025-08-31 13:08:16,521 - db_drop_runner - INFO - drop_db.py:74 - Dropping table: earnings_annual
2025-08-31 13:08:16,525 - infrastructure.databases.company.postgre_manager.postgre_manager - INFO - postgre_manager.py:209 - Table earnings_annual dropped
2025-08-31 13:08:16,526 - db_drop_runner - INFO - drop_db.py:74 - Dropping table: income_statement_annual
2025-08-31 13:08:16,532 - infrastructure.databases.company.postgre_manager.postgre_manager - INFO - postgre_manager.py:209 - Table income_statement_annual dropped
2025-08-31 13:08:16,532 - db_drop_runner - INFO - drop_db.py:74 - Dropping table: company_fundamentals
2025-08-31 13:08:16,538 - infrastructure.databases.company.postgre_manager.postgre_manager - INFO - postgre_manager.py:209 - Table company_fundamentals dropped
2025-08-31 13:08:16,538 - db_drop_runner - INFO - drop_db.py:74 - Dropping table: daily_timeseries
2025-08-31 13:08:16,545 - infrastructure.databases.company.postgre_manager.postgre_manager - INFO - postgre_manager.py:209 - Table daily_timeseries dropped
2025-08-31 13:08:16,545 - db_drop_runner - INFO - drop_db.py:74 - Dropping table: dividends
2025-08-31 13:08:16,549 - infrastructure.databases.company.postgre_manager.postgre_manager - INFO - postgre_manager.py:209 - Table dividends dropped
2025-08-31 13:08:16,549 - db_drop_runner - INFO - drop_db.py:74 - Dropping table: insider_transactions
2025-08-31 13:08:16,553 - infrastructure.databases.company.postgre_manager.postgre_manager - INFO - postgre_manager.py:209 - Table insider_transactions dropped
2025-08-31 13:08:16,554 - db_drop_runner - INFO - drop_db.py:74 - Dropping table: balance_sheet_quarterly
2025-08-31 13:08:16,560 - infrastructure.databases.company.postgre_manager.postgre_manager - INFO - postgre_manager.py:209 - Table balance_sheet_quarterly dropped
2025-08-31 13:08:16,560 - db_drop_runner - INFO - drop_db.py:74 - Dropping table: cash_flow_quarterly
2025-08-31 13:08:16,566 - infrastructure.databases.company.postgre_manager.postgre_manager - INFO - postgre_manager.py:209 - Table cash_flow_quarterly dropped
2025-08-31 13:08:16,566 - db_drop_runner - INFO - drop_db.py:74 - Dropping table: earnings_quarterly
2025-08-31 13:08:16,572 - infrastructure.databases.company.postgre_manager.postgre_manager - INFO - postgre_manager.py:209 - Table earnings_quarterly dropped
2025-08-31 13:08:16,572 - db_drop_runner - INFO - drop_db.py:74 - Dropping table: income_statement_quarterly
2025-08-31 13:08:16,579 - infrastructure.databases.company.postgre_manager.postgre_manager - INFO - postgre_manager.py:209 - Table income_statement_quarterly dropped
2025-08-31 13:08:16,579 - db_drop_runner - INFO - drop_db.py:74 - Dropping table: stock_splits
2025-08-31 13:08:16,583 - infrastructure.databases.company.postgre_manager.postgre_manager - INFO - postgre_manager.py:209 - Table stock_splits dropped
2025-08-31 13:08:16,583 - db_drop_runner - INFO - drop_db.py:77 - Dropped 13 tables
2025-08-31 13:08:16,583 - db_drop_runner - INFO - drop_db.py:78 - All specified tables have been dropped.
