2025-08-20 16:23:02,194 - db_drop_and_build_runner - INFO - drop_and_build_db.py:25 - Connected to the database successfully.
2025-08-20 16:23:02,194 - db_drop_and_build_runner - WARNING - drop_and_build_db.py:40 - 
⚠️  WARNING: You are about to DELETE and RECREATE 13 tables:
2025-08-20 16:23:02,194 - db_drop_and_build_runner - INFO - drop_and_build_db.py:53 - Dropping table: balance_sheet_annual
2025-08-20 16:23:02,250 - infrastructure.databases.company.postgre_manager.postgre_manager - INFO - postgre_manager.py:209 - Table balance_sheet_annual dropped
2025-08-20 16:23:02,250 - db_drop_and_build_runner - INFO - drop_and_build_db.py:53 - Dropping table: cash_flow_annual
2025-08-20 16:23:02,269 - infrastructure.databases.company.postgre_manager.postgre_manager - INFO - postgre_manager.py:209 - Table cash_flow_annual dropped
2025-08-20 16:23:02,270 - db_drop_and_build_runner - INFO - drop_and_build_db.py:53 - Dropping table: earnings_annual
2025-08-20 16:23:02,280 - infrastructure.databases.company.postgre_manager.postgre_manager - INFO - postgre_manager.py:209 - Table earnings_annual dropped
2025-08-20 16:23:02,280 - db_drop_and_build_runner - INFO - drop_and_build_db.py:53 - Dropping table: income_statement_annual
2025-08-20 16:23:02,291 - infrastructure.databases.company.postgre_manager.postgre_manager - INFO - postgre_manager.py:209 - Table income_statement_annual dropped
2025-08-20 16:23:02,292 - db_drop_and_build_runner - INFO - drop_and_build_db.py:53 - Dropping table: company_fundamentals
2025-08-20 16:23:02,303 - infrastructure.databases.company.postgre_manager.postgre_manager - INFO - postgre_manager.py:209 - Table company_fundamentals dropped
2025-08-20 16:23:02,304 - db_drop_and_build_runner - INFO - drop_and_build_db.py:53 - Dropping table: daily_timeseries
2025-08-20 16:23:02,318 - infrastructure.databases.company.postgre_manager.postgre_manager - INFO - postgre_manager.py:209 - Table daily_timeseries dropped
2025-08-20 16:23:02,318 - db_drop_and_build_runner - INFO - drop_and_build_db.py:53 - Dropping table: dividends
2025-08-20 16:23:02,328 - infrastructure.databases.company.postgre_manager.postgre_manager - INFO - postgre_manager.py:209 - Table dividends dropped
2025-08-20 16:23:02,328 - db_drop_and_build_runner - INFO - drop_and_build_db.py:53 - Dropping table: insider_transactions
2025-08-20 16:23:02,340 - infrastructure.databases.company.postgre_manager.postgre_manager - INFO - postgre_manager.py:209 - Table insider_transactions dropped
2025-08-20 16:23:02,340 - db_drop_and_build_runner - INFO - drop_and_build_db.py:53 - Dropping table: balance_sheet_quarterly
2025-08-20 16:23:02,353 - infrastructure.databases.company.postgre_manager.postgre_manager - INFO - postgre_manager.py:209 - Table balance_sheet_quarterly dropped
2025-08-20 16:23:02,354 - db_drop_and_build_runner - INFO - drop_and_build_db.py:53 - Dropping table: cash_flow_quarterly
2025-08-20 16:23:02,371 - infrastructure.databases.company.postgre_manager.postgre_manager - INFO - postgre_manager.py:209 - Table cash_flow_quarterly dropped
2025-08-20 16:23:02,372 - db_drop_and_build_runner - INFO - drop_and_build_db.py:53 - Dropping table: earnings_quarterly
2025-08-20 16:23:02,387 - infrastructure.databases.company.postgre_manager.postgre_manager - INFO - postgre_manager.py:209 - Table earnings_quarterly dropped
2025-08-20 16:23:02,388 - db_drop_and_build_runner - INFO - drop_and_build_db.py:53 - Dropping table: income_statement_quarterly
2025-08-20 16:23:02,403 - infrastructure.databases.company.postgre_manager.postgre_manager - INFO - postgre_manager.py:209 - Table income_statement_quarterly dropped
2025-08-20 16:23:02,403 - db_drop_and_build_runner - INFO - drop_and_build_db.py:53 - Dropping table: stock_splits
2025-08-20 16:23:02,415 - infrastructure.databases.company.postgre_manager.postgre_manager - INFO - postgre_manager.py:209 - Table stock_splits dropped
2025-08-20 16:23:02,415 - db_drop_and_build_runner - INFO - drop_and_build_db.py:56 - Dropped 13 tables
2025-08-20 16:23:02,416 - db_drop_and_build_runner - INFO - drop_and_build_db.py:60 - Creating table for: AnnualBalanceSheet
2025-08-20 16:23:02,435 - infrastructure.databases.company.postgre_manager.postgre_manager - INFO - postgre_manager.py:198 - Table balance_sheet_annual created
2025-08-20 16:23:02,435 - db_drop_and_build_runner - INFO - drop_and_build_db.py:60 - Creating table for: AnnualCashFlow
2025-08-20 16:23:02,451 - infrastructure.databases.company.postgre_manager.postgre_manager - INFO - postgre_manager.py:198 - Table cash_flow_annual created
2025-08-20 16:23:02,451 - db_drop_and_build_runner - INFO - drop_and_build_db.py:60 - Creating table for: AnnualEarnings
2025-08-20 16:23:02,470 - infrastructure.databases.company.postgre_manager.postgre_manager - INFO - postgre_manager.py:198 - Table earnings_annual created
2025-08-20 16:23:02,471 - db_drop_and_build_runner - INFO - drop_and_build_db.py:60 - Creating table for: AnnualIncomeStatement
2025-08-20 16:23:02,488 - infrastructure.databases.company.postgre_manager.postgre_manager - INFO - postgre_manager.py:198 - Table income_statement_annual created
2025-08-20 16:23:02,488 - db_drop_and_build_runner - INFO - drop_and_build_db.py:60 - Creating table for: CompanyFundamentals
2025-08-20 16:23:02,506 - infrastructure.databases.company.postgre_manager.postgre_manager - INFO - postgre_manager.py:198 - Table company_fundamentals created
2025-08-20 16:23:02,506 - db_drop_and_build_runner - INFO - drop_and_build_db.py:60 - Creating table for: DailyTimeSeries
2025-08-20 16:23:02,521 - infrastructure.databases.company.postgre_manager.postgre_manager - INFO - postgre_manager.py:198 - Table daily_timeseries created
2025-08-20 16:23:02,521 - db_drop_and_build_runner - INFO - drop_and_build_db.py:60 - Creating table for: Dividends
2025-08-20 16:23:02,534 - infrastructure.databases.company.postgre_manager.postgre_manager - INFO - postgre_manager.py:198 - Table dividends created
2025-08-20 16:23:02,535 - db_drop_and_build_runner - INFO - drop_and_build_db.py:60 - Creating table for: InsiderTransactions
2025-08-20 16:23:02,549 - infrastructure.databases.company.postgre_manager.postgre_manager - INFO - postgre_manager.py:198 - Table insider_transactions created
2025-08-20 16:23:02,549 - db_drop_and_build_runner - INFO - drop_and_build_db.py:60 - Creating table for: QuarterlyBalanceSheet
2025-08-20 16:23:02,566 - infrastructure.databases.company.postgre_manager.postgre_manager - INFO - postgre_manager.py:198 - Table balance_sheet_quarterly created
2025-08-20 16:23:02,566 - db_drop_and_build_runner - INFO - drop_and_build_db.py:60 - Creating table for: QuarterlyCashFlow
2025-08-20 16:23:02,581 - infrastructure.databases.company.postgre_manager.postgre_manager - INFO - postgre_manager.py:198 - Table cash_flow_quarterly created
2025-08-20 16:23:02,581 - db_drop_and_build_runner - INFO - drop_and_build_db.py:60 - Creating table for: QuarterlyEarnings
2025-08-20 16:23:02,595 - infrastructure.databases.company.postgre_manager.postgre_manager - INFO - postgre_manager.py:198 - Table earnings_quarterly created
2025-08-20 16:23:02,595 - db_drop_and_build_runner - INFO - drop_and_build_db.py:60 - Creating table for: QuarterlyIncomeStatement
2025-08-20 16:23:02,610 - infrastructure.databases.company.postgre_manager.postgre_manager - INFO - postgre_manager.py:198 - Table income_statement_quarterly created
2025-08-20 16:23:02,611 - db_drop_and_build_runner - INFO - drop_and_build_db.py:60 - Creating table for: StockSplit
2025-08-20 16:23:02,626 - infrastructure.databases.company.postgre_manager.postgre_manager - INFO - postgre_manager.py:198 - Table stock_splits created
2025-08-20 16:23:02,626 - db_drop_and_build_runner - INFO - drop_and_build_db.py:63 - Created 13 tables
2025-08-20 16:23:02,632 - db_drop_and_build_runner - INFO - drop_and_build_db.py:66 - Tables currently in the database: ['balance_sheet_annual', 'cash_flow_annual', 'earnings_annual', 'income_statement_annual', 'company_fundamentals', 'daily_timeseries', 'dividends', 'insider_transactions', 'balance_sheet_quarterly', 'cash_flow_quarterly', 'earnings_quarterly', 'income_statement_quarterly', 'stock_splits', 'cash_flow_statement_quarterly']
