2025-08-11 17:47:14,631 - db_initial_load_runner - INFO - initial_load.py:63 - Starting initial load for 10 symbols...
2025-08-11 17:47:14,632 - db_initial_load_runner - INFO - initial_load.py:79 - Processing symbol: DCOMG
2025-08-11 17:47:14,632 - AlphaLoader - INFO - alphavantage_adapter.py:165 - Fetching data for DCOMG...
2025-08-11 17:47:15,121 - infrastructure.alpha_adapter.transform_utils - INFO - transform_utils.py:60 - Raw columns: ['date', '1. open', '2. high', '3. low', '4. close', '5. volume']
2025-08-11 17:47:15,122 - infrastructure.alpha_adapter.transform_utils - INFO - transform_utils.py:62 - Column map: {'1. open': 'open', '2. high': 'high', '3. low': 'low', '4. close': 'close', '5. volume': 'volume'}
2025-08-11 17:47:15,122 - infrastructure.alpha_adapter.transform_utils - INFO - transform_utils.py:64 - Columns after renaming: ['date', 'open', 'high', 'low', 'close', 'volume']
2025-08-11 17:47:15,134 - infrastructure.alpha_adapter.transform_utils - INFO - transform_utils.py:274 - Transformed daily_timeseries for DCOMG:
         date symbol     open     high      low    close volume
0  2025-08-08  DCOMG  26.4500  26.4500  26.0000  26.0000   3735
1  2025-08-07  DCOMG  26.4000  26.4500  26.4000  26.4499   1095
2  2025-08-06  DCOMG  26.4000  26.4500  26.4000  26.4500   2074
3  2025-08-05  DCOMG  26.5513  26.7000  26.4550  26.4550   2863
4  2025-08-04  DCOMG  26.8500  26.8500  26.8500  26.8500    442
2025-08-11 17:47:15,166 - infrastructure.databases.company.postgre_manager.postgre_manager - INFO - postgre_manager.py:109 - CompanyDataHandler initialized with database connection.
2025-08-11 17:47:15,166 - infrastructure.databases.company.postgre_manager.postgre_manager - INFO - postgre_manager.py:208 - CompanyDataHandler initialized with database connection.
2025-08-11 17:47:15,286 - infrastructure.databases.company.postgre_manager.postgre_manager - INFO - postgre_manager.py:353 - Inserted 277 new rows into daily_timeseries
2025-08-11 17:47:15,292 - AlphaLoader - INFO - alphavantage_adapter.py:189 - Candlestick data for DCOMG loaded into the database.
2025-08-11 17:47:15,292 - AlphaLoader - INFO - alphavantage_adapter.py:206 - Fetching company base data for DCOMG...
2025-08-11 17:47:15,698 - infrastructure.alpha_adapter.transform_utils - INFO - transform_utils.py:185 - Before transforming company_fundamentals for DCOMG:
  Symbol     AssetType                                                                                       Name                                                                                                                                                                                                              Description     CIK Exchange Currency Country   Sector                   Industry                                    Address          OfficialSite FiscalYearEnd LatestQuarter MarketCapitalization EBITDA PERatio PEGRatio BookValue DividendPerShare DividendYield   EPS RevenuePerShareTTM ProfitMargin OperatingMarginTTM ReturnOnAssetsTTM ReturnOnEquityTTM RevenueTTM GrossProfitTTM DilutedEPSTTM QuarterlyEarningsGrowthYOY QuarterlyRevenueGrowthYOY AnalystTargetPrice AnalystRatingStrongBuy AnalystRatingBuy AnalystRatingHold AnalystRatingSell AnalystRatingStrongSell TrailingPE ForwardPE PriceToSalesRatioTTM PriceToBookRatio EVToRevenue EVToEBITDA   Beta 52WeekHigh 52WeekLow 50DayMovingAverage 200DayMovingAverage SharesOutstanding SharesFloat PercentInsiders PercentInstitutions DividendDate ExDividendDate
0  DCOMG  Common Stock  Dime Community Bancshares, Inc. 9.000% Fixed-to-Floating Rate Subordinated Notes due 2034  Dime Community Bancshares, Inc. is the holding company for Dime Community Bank that engages in the provision of various commercial banking and financial services. The company is headquartered in Hauppauge, New York.  846617   NASDAQ      USD     USA  FINANCE  NATIONAL COMMERCIAL BANKS  2200 MONTAUK HGWAY, BRIDGEHAMPTON, NY, US  https://www.dime.com          None    0000-00-00                 None   None    None     None     28.97                1        0.0378  None               8.39        0.211              0.349            0.0049             0.055  320386000      320386000             0                     -0.348                    -0.089               None                      -                -                 -                 -                       -          -         -                    -                -           -          -  1.105      26.96     23.74              26.62               26.51                 0    36914200           0.000               0.000   2025-07-15           None
2025-08-11 17:47:15,800 - infrastructure.alpha_adapter.transform_utils - INFO - transform_utils.py:236 - Transformed company_fundamentals for DCOMG:
  symbol    asset_type                                                                                       name                                                                                                                                                                                                              description     cik exchange currency country   sector                   industry                                    address         official_site  fiscal_year_end latest_quarter  market_capitalization  ebitda  pe_ratio  peg_ratio  book_value  dividend_per_share  dividend_yield  eps  revenue_per_share_ttm  profit_margin  operating_margin_ttm  return_on_assets_ttm  return_on_equity_ttm  revenue_ttm  gross_profit_ttm  diluted_eps_ttm  quarterly_earnings_growth_yoy  quarterly_revenue_growth_yoy  analyst_target_price  analyst_rating_strong_buy  analyst_rating_buy  analyst_rating_hold  analyst_rating_sell  analyst_rating_strong_sell  trailing_pe  forward_pe  price_to_sales_ratio_ttm  price_to_book_ratio  ev_to_revenue  ev_to_ebitda   beta  fifty_two_week_high  fifty_two_week_low  fifty_day_moving_average  two_hundred_day_moving_average  shares_outstanding dividend_date ex_dividend_date data_state last_update
0  DCOMG  Common Stock  Dime Community Bancshares, Inc. 9.000% Fixed-to-Floating Rate Subordinated Notes due 2034  Dime Community Bancshares, Inc. is the holding company for Dime Community Bank that engages in the provision of various commercial banking and financial services. The company is headquartered in Hauppauge, New York.  846617   NASDAQ      USD     USA  FINANCE  NATIONAL COMMERCIAL BANKS  2200 MONTAUK HGWAY, BRIDGEHAMPTON, NY, US  https://www.dime.com              NaN     1900-01-01                    NaN     NaN       NaN        NaN       28.97                   1          0.0378  NaN                   8.39          0.211                 0.349                0.0049                 0.055    320386000         320386000                0                         -0.348                        -0.089                   NaN                       <NA>                <NA>                 <NA>                 <NA>                        <NA>          NaN         NaN                       NaN                  NaN            NaN           NaN  1.105                26.96               23.74                     26.62                           26.51                   0    2025-07-15       1900-01-01       None        None
2025-08-11 17:47:15,805 - infrastructure.databases.company.postgre_manager.postgre_manager - INFO - postgre_manager.py:109 - CompanyDataHandler initialized with database connection.
2025-08-11 17:47:15,806 - infrastructure.databases.company.postgre_manager.postgre_manager - INFO - postgre_manager.py:208 - CompanyDataHandler initialized with database connection.
2025-08-11 17:47:15,842 - infrastructure.databases.company.postgre_manager.postgre_manager - INFO - postgre_manager.py:353 - Inserted 1 new rows into company_fundamentals
2025-08-11 17:47:15,846 - AlphaLoader - INFO - alphavantage_adapter.py:235 - Company base data for DCOMG loaded into the database.
2025-08-11 17:47:15,846 - AlphaLoader - INFO - alphavantage_adapter.py:340 - Fetching INSIDER_TRANSACTIONS data for DCOMG...
2025-08-11 17:47:16,116 - infrastructure.alpha_adapter.transform_utils - WARNING - transform_utils.py:723 - Skipping DCOMG: No insider transactions data returned by API.
2025-08-11 17:47:16,116 - AlphaLoader - INFO - alphavantage_adapter.py:361 - Skipped DCOMG: No valid insider transactions data to insert.
2025-08-11 17:47:16,116 - db_initial_load_runner - INFO - initial_load.py:79 - Processing symbol: NTAP
2025-08-11 17:47:16,116 - AlphaLoader - INFO - alphavantage_adapter.py:165 - Fetching data for NTAP...
2025-08-11 17:47:17,184 - infrastructure.alpha_adapter.transform_utils - INFO - transform_utils.py:60 - Raw columns: ['date', '1. open', '2. high', '3. low', '4. close', '5. volume']
2025-08-11 17:47:17,184 - infrastructure.alpha_adapter.transform_utils - INFO - transform_utils.py:62 - Column map: {'1. open': 'open', '2. high': 'high', '3. low': 'low', '4. close': 'close', '5. volume': 'volume'}
2025-08-11 17:47:17,185 - infrastructure.alpha_adapter.transform_utils - INFO - transform_utils.py:64 - Columns after renaming: ['date', 'open', 'high', 'low', 'close', 'volume']
2025-08-11 17:47:17,214 - infrastructure.alpha_adapter.transform_utils - INFO - transform_utils.py:274 - Transformed daily_timeseries for NTAP:
         date symbol      open      high       low     close   volume
0  2025-08-08   NTAP  104.5100  106.4900  103.9000  106.2100  1275303
1  2025-08-07   NTAP  104.3400  104.6100  102.3600  103.8500  1330437
2  2025-08-06   NTAP  102.6900  104.2600  102.1300  103.3300  1630377
3  2025-08-05   NTAP  103.7700  104.0300  101.8019  102.0100  1255862
4  2025-08-04   NTAP  101.8200  103.3200  101.2300  103.2300  1193767
2025-08-11 17:47:17,237 - infrastructure.databases.company.postgre_manager.postgre_manager - INFO - postgre_manager.py:109 - CompanyDataHandler initialized with database connection.
2025-08-11 17:47:17,237 - infrastructure.databases.company.postgre_manager.postgre_manager - INFO - postgre_manager.py:208 - CompanyDataHandler initialized with database connection.
2025-08-11 17:47:17,556 - infrastructure.databases.company.postgre_manager.postgre_manager - INFO - postgre_manager.py:353 - Inserted 6482 new rows into daily_timeseries
2025-08-11 17:47:17,563 - AlphaLoader - INFO - alphavantage_adapter.py:189 - Candlestick data for NTAP loaded into the database.
2025-08-11 17:47:17,564 - AlphaLoader - INFO - alphavantage_adapter.py:206 - Fetching company base data for NTAP...
2025-08-11 17:47:17,760 - infrastructure.alpha_adapter.transform_utils - INFO - transform_utils.py:185 - Before transforming company_fundamentals for NTAP:
  Symbol     AssetType        Name                                                                                                                                                                                                                                                            Description      CIK Exchange Currency Country      Sector                  Industry                                  Address            OfficialSite FiscalYearEnd LatestQuarter MarketCapitalization      EBITDA PERatio PEGRatio BookValue DividendPerShare DividendYield   EPS RevenuePerShareTTM ProfitMargin OperatingMarginTTM ReturnOnAssetsTTM ReturnOnEquityTTM  RevenueTTM GrossProfitTTM DilutedEPSTTM QuarterlyEarningsGrowthYOY QuarterlyRevenueGrowthYOY AnalystTargetPrice AnalystRatingStrongBuy AnalystRatingBuy AnalystRatingHold AnalystRatingSell AnalystRatingStrongSell TrailingPE ForwardPE PriceToSalesRatioTTM PriceToBookRatio EVToRevenue EVToEBITDA   Beta 52WeekHigh 52WeekLow 50DayMovingAverage 200DayMovingAverage SharesOutstanding SharesFloat PercentInsiders PercentInstitutions DividendDate ExDividendDate
0   NTAP  Common Stock  NetApp Inc  NetApp, Inc. is an American hybrid cloud data services and data management company headquartered in Sunnyvale, California. Founded in 1992 with an IPO in 1995, NetApp offers cloud data services for management of applications and data both online and physically.  1002047   NASDAQ      USD     USA  TECHNOLOGY  COMPUTER STORAGE DEVICES  1395 CROSSMAN AVENUE, SUNNYVALE, CA, US  https://www.netapp.com         April    2025-04-30          21252516000  1640000000   18.73    1.533      5.17             2.08          0.02  5.67              32.22         0.18              0.228             0.086             1.085  6572000000     4613000000          5.67                      0.195                     0.038             115.07                      4                3                13                 0                       0      18.73     13.79                3.234            20.44        3.18      12.37  1.438     133.33     71.49             104.44              107.66         200099000   199202000           0.494              96.664   2025-07-23     2025-07-03
2025-08-11 17:47:17,825 - infrastructure.alpha_adapter.transform_utils - INFO - transform_utils.py:236 - Transformed company_fundamentals for NTAP:
  symbol    asset_type        name                                                                                                                                                                                                                                                            description      cik exchange currency country      sector                  industry                                  address           official_site fiscal_year_end latest_quarter  market_capitalization      ebitda  pe_ratio  peg_ratio  book_value  dividend_per_share  dividend_yield   eps  revenue_per_share_ttm  profit_margin  operating_margin_ttm  return_on_assets_ttm  return_on_equity_ttm  revenue_ttm  gross_profit_ttm  diluted_eps_ttm  quarterly_earnings_growth_yoy  quarterly_revenue_growth_yoy  analyst_target_price  analyst_rating_strong_buy  analyst_rating_buy  analyst_rating_hold  analyst_rating_sell  analyst_rating_strong_sell  trailing_pe  forward_pe  price_to_sales_ratio_ttm  price_to_book_ratio  ev_to_revenue  ev_to_ebitda   beta  fifty_two_week_high  fifty_two_week_low  fifty_day_moving_average  two_hundred_day_moving_average  shares_outstanding dividend_date ex_dividend_date data_state last_update
0   NTAP  Common Stock  NetApp Inc  NetApp, Inc. is an American hybrid cloud data services and data management company headquartered in Sunnyvale, California. Founded in 1992 with an IPO in 1995, NetApp offers cloud data services for management of applications and data both online and physically.  1002047   NASDAQ      USD     USA  TECHNOLOGY  COMPUTER STORAGE DEVICES  1395 CROSSMAN AVENUE, SUNNYVALE, CA, US  https://www.netapp.com           April     2025-04-30            21252516000  1640000000     18.73      1.533        5.17                2.08            0.02  5.67                  32.22           0.18                 0.228                 0.086                 1.085   6572000000        4613000000             5.67                          0.195                         0.038                115.07                          4                   3                   13                    0                           0        18.73       13.79                     3.234                20.44           3.18         12.37  1.438               133.33               71.49                    104.44                          107.66           200099000    2025-07-23       2025-07-03       None        None
2025-08-11 17:47:17,830 - infrastructure.databases.company.postgre_manager.postgre_manager - INFO - postgre_manager.py:109 - CompanyDataHandler initialized with database connection.
2025-08-11 17:47:17,830 - infrastructure.databases.company.postgre_manager.postgre_manager - INFO - postgre_manager.py:208 - CompanyDataHandler initialized with database connection.
2025-08-11 17:47:17,864 - infrastructure.databases.company.postgre_manager.postgre_manager - INFO - postgre_manager.py:353 - Inserted 1 new rows into company_fundamentals
2025-08-11 17:47:17,869 - AlphaLoader - INFO - alphavantage_adapter.py:235 - Company base data for NTAP loaded into the database.
2025-08-11 17:47:17,869 - AlphaLoader - INFO - alphavantage_adapter.py:340 - Fetching INSIDER_TRANSACTIONS data for NTAP...
2025-08-11 17:47:18,932 - infrastructure.alpha_adapter.transform_utils - INFO - transform_utils.py:60 - Raw columns: ['transaction_date', 'ticker', 'executive', 'executive_title', 'security_type', 'acquisition_or_disposal', 'shares', 'share_price']
2025-08-11 17:47:18,932 - infrastructure.alpha_adapter.transform_utils - INFO - transform_utils.py:62 - Column map: {'transaction_date': 'transaction_date', 'ticker': 'symbol', 'executive': 'executive', 'executive_title': 'executive_title', 'security_type': 'security_type', 'acquisition_or_disposal': 'acquisition_or_disposal', 'shares': 'shares', 'share_price': 'share_price'}
2025-08-11 17:47:18,933 - infrastructure.alpha_adapter.transform_utils - INFO - transform_utils.py:64 - Columns after renaming: ['transaction_date', 'symbol', 'executive', 'executive_title', 'security_type', 'acquisition_or_disposal', 'shares', 'share_price']
2025-08-11 17:47:18,989 - infrastructure.alpha_adapter.transform_utils - INFO - transform_utils.py:599 - Found 1590 duplicate rows for NTAP, aggregating...
2025-08-11 17:47:23,791 - infrastructure.alpha_adapter.transform_utils - INFO - transform_utils.py:624 - After groupby aggregation for NTAP: 2438 rows
2025-08-11 17:47:23,794 - infrastructure.alpha_adapter.transform_utils - INFO - transform_utils.py:626 - Transformed insider_transactions for NTAP:
  transaction_date symbol           executive executive_title                              security_type acquisition_or_disposal   shares  share_price
0       1998-08-02   NTAP   MENDOZA, THOMAS F   Vice Chairman                               Common Stock                       D  10000.0        0.013
1       2002-05-31   NTAP   MENDOZA, THOMAS F   Vice Chairman                               Common Stock                       D  54137.0       13.370
2       2003-09-02   NTAP        BARTZ, CAROL        Director  Non-Qualified Stock Option (right to buy)                       A  20000.0        0.000
3       2003-09-02   NTAP  HALLMAN, MICHAEL R        Director  Non-Qualified Stock Option (right to buy)                       A  15000.0        0.000
4       2003-09-02   NTAP   MOORE, NICHOLAS G        Director  Non-Qualified Stock Option (right to buy)                       A  20000.0        0.000
2025-08-11 17:47:23,816 - infrastructure.databases.company.postgre_manager.postgre_manager - INFO - postgre_manager.py:109 - CompanyDataHandler initialized with database connection.
2025-08-11 17:47:23,816 - infrastructure.databases.company.postgre_manager.postgre_manager - INFO - postgre_manager.py:208 - CompanyDataHandler initialized with database connection.
2025-08-11 17:47:23,975 - infrastructure.databases.company.postgre_manager.postgre_manager - INFO - postgre_manager.py:353 - Inserted 2438 new rows into insider_transactions
2025-08-11 17:47:23,981 - AlphaLoader - INFO - alphavantage_adapter.py:370 - Insider transaction data for NTAP loaded into the database.
2025-08-11 17:47:23,981 - db_initial_load_runner - INFO - initial_load.py:79 - Processing symbol: MNPR
2025-08-11 17:47:23,981 - AlphaLoader - INFO - alphavantage_adapter.py:165 - Fetching data for MNPR...
2025-08-11 17:47:24,619 - infrastructure.alpha_adapter.transform_utils - INFO - transform_utils.py:60 - Raw columns: ['date', '1. open', '2. high', '3. low', '4. close', '5. volume']
2025-08-11 17:47:24,619 - infrastructure.alpha_adapter.transform_utils - INFO - transform_utils.py:62 - Column map: {'1. open': 'open', '2. high': 'high', '3. low': 'low', '4. close': 'close', '5. volume': 'volume'}
2025-08-11 17:47:24,620 - infrastructure.alpha_adapter.transform_utils - INFO - transform_utils.py:64 - Columns after renaming: ['date', 'open', 'high', 'low', 'close', 'volume']
2025-08-11 17:47:24,631 - infrastructure.alpha_adapter.transform_utils - INFO - transform_utils.py:274 - Transformed daily_timeseries for MNPR:
         date symbol     open     high      low    close volume
0  2025-08-08   MNPR  41.0000  41.4900  34.6500  34.6500  28909
1  2025-08-07   MNPR  41.7000  41.7000  39.5000  40.1000  16463
2  2025-08-06   MNPR  41.7000  41.7000  39.5000  40.6500  20340
3  2025-08-05   MNPR  42.5000  42.5000  39.2400  40.4500  17562
4  2025-08-04   MNPR  40.5400  42.2100  39.9200  41.7500  28749
2025-08-11 17:47:24,640 - infrastructure.databases.company.postgre_manager.postgre_manager - INFO - postgre_manager.py:109 - CompanyDataHandler initialized with database connection.
2025-08-11 17:47:24,640 - infrastructure.databases.company.postgre_manager.postgre_manager - INFO - postgre_manager.py:208 - CompanyDataHandler initialized with database connection.
2025-08-11 17:47:24,743 - infrastructure.databases.company.postgre_manager.postgre_manager - INFO - postgre_manager.py:353 - Inserted 1416 new rows into daily_timeseries
2025-08-11 17:47:24,749 - AlphaLoader - INFO - alphavantage_adapter.py:189 - Candlestick data for MNPR loaded into the database.
2025-08-11 17:47:24,749 - AlphaLoader - INFO - alphavantage_adapter.py:206 - Fetching company base data for MNPR...
2025-08-11 17:47:25,042 - infrastructure.alpha_adapter.transform_utils - INFO - transform_utils.py:185 - Before transforming company_fundamentals for MNPR:
  Symbol     AssetType                      Name                                                                                                                                                                                                                                         Description      CIK Exchange Currency Country         Sector                     Industry                                       Address               OfficialSite FiscalYearEnd LatestQuarter MarketCapitalization EBITDA PERatio PEGRatio BookValue DividendPerShare DividendYield    EPS RevenuePerShareTTM ProfitMargin OperatingMarginTTM ReturnOnAssetsTTM ReturnOnEquityTTM RevenueTTM GrossProfitTTM DilutedEPSTTM QuarterlyEarningsGrowthYOY QuarterlyRevenueGrowthYOY AnalystTargetPrice AnalystRatingStrongBuy AnalystRatingBuy AnalystRatingHold AnalystRatingSell AnalystRatingStrongSell TrailingPE ForwardPE PriceToSalesRatioTTM PriceToBookRatio EVToRevenue EVToEBITDA   Beta 52WeekHigh 52WeekLow 50DayMovingAverage 200DayMovingAverage SharesOutstanding SharesFloat PercentInsiders PercentInstitutions DividendDate ExDividendDate
0   MNPR  Common Stock  Monopar Therapeutics Inc  Monopar Therapeutics Inc., a clinical-stage biopharmaceutical company, is dedicated to developing proprietary therapies to improve clinical outcomes for cancer patients in the United States. The company is headquartered in Wilmette, Illinois.  1645469   NASDAQ      USD     USA  LIFE SCIENCES  PHARMACEUTICAL PREPARATIONS  1000 SKOKIE BLVD SUITE 350, WILMETTE, IL, US  https://www.monopartx.com      December    2025-03-31            211892000   None    None     None      8.76             None          None  -3.98                  0            0                  0            -0.345            -0.543          0              0         -3.98                          0                         0              63.18                      2                3                 1                 0                       0          -         -                    -            3.954           -     -2.423  1.065       54.3      2.15              37.94               32.84           6115200     2883400          34.561              48.645         None           None
2025-08-11 17:47:25,110 - infrastructure.alpha_adapter.transform_utils - INFO - transform_utils.py:236 - Transformed company_fundamentals for MNPR:
  symbol    asset_type                      name                                                                                                                                                                                                                                         description      cik exchange currency country         sector                     industry                                       address              official_site fiscal_year_end latest_quarter  market_capitalization  ebitda  pe_ratio  peg_ratio  book_value  dividend_per_share  dividend_yield   eps  revenue_per_share_ttm  profit_margin  operating_margin_ttm  return_on_assets_ttm  return_on_equity_ttm  revenue_ttm  gross_profit_ttm  diluted_eps_ttm  quarterly_earnings_growth_yoy  quarterly_revenue_growth_yoy  analyst_target_price  analyst_rating_strong_buy  analyst_rating_buy  analyst_rating_hold  analyst_rating_sell  analyst_rating_strong_sell  trailing_pe  forward_pe  price_to_sales_ratio_ttm  price_to_book_ratio  ev_to_revenue  ev_to_ebitda   beta  fifty_two_week_high  fifty_two_week_low  fifty_day_moving_average  two_hundred_day_moving_average  shares_outstanding dividend_date ex_dividend_date data_state last_update
0   MNPR  Common Stock  Monopar Therapeutics Inc  Monopar Therapeutics Inc., a clinical-stage biopharmaceutical company, is dedicated to developing proprietary therapies to improve clinical outcomes for cancer patients in the United States. The company is headquartered in Wilmette, Illinois.  1645469   NASDAQ      USD     USA  LIFE SCIENCES  PHARMACEUTICAL PREPARATIONS  1000 SKOKIE BLVD SUITE 350, WILMETTE, IL, US  https://www.monopartx.com        December     2025-03-31              211892000     NaN       NaN        NaN        8.76                 NaN             NaN -3.98                      0              0                     0                -0.345                -0.543            0                 0            -3.98                              0                             0                 63.18                          2                   3                    1                    0                           0          NaN         NaN                       NaN                3.954            NaN        -2.423  1.065                 54.3                2.15                     37.94                           32.84             6115200    1900-01-01       1900-01-01       None        None
2025-08-11 17:47:25,114 - infrastructure.databases.company.postgre_manager.postgre_manager - INFO - postgre_manager.py:109 - CompanyDataHandler initialized with database connection.
2025-08-11 17:47:25,115 - infrastructure.databases.company.postgre_manager.postgre_manager - INFO - postgre_manager.py:208 - CompanyDataHandler initialized with database connection.
2025-08-11 17:47:25,147 - infrastructure.databases.company.postgre_manager.postgre_manager - INFO - postgre_manager.py:353 - Inserted 1 new rows into company_fundamentals
2025-08-11 17:47:25,152 - AlphaLoader - INFO - alphavantage_adapter.py:235 - Company base data for MNPR loaded into the database.
2025-08-11 17:47:25,153 - AlphaLoader - INFO - alphavantage_adapter.py:340 - Fetching INSIDER_TRANSACTIONS data for MNPR...
2025-08-11 17:47:25,564 - infrastructure.alpha_adapter.transform_utils - INFO - transform_utils.py:60 - Raw columns: ['transaction_date', 'ticker', 'executive', 'executive_title', 'security_type', 'acquisition_or_disposal', 'shares', 'share_price']
2025-08-11 17:47:25,564 - infrastructure.alpha_adapter.transform_utils - INFO - transform_utils.py:62 - Column map: {'transaction_date': 'transaction_date', 'ticker': 'symbol', 'executive': 'executive', 'executive_title': 'executive_title', 'security_type': 'security_type', 'acquisition_or_disposal': 'acquisition_or_disposal', 'shares': 'shares', 'share_price': 'share_price'}
2025-08-11 17:47:25,564 - infrastructure.alpha_adapter.transform_utils - INFO - transform_utils.py:64 - Columns after renaming: ['transaction_date', 'symbol', 'executive', 'executive_title', 'security_type', 'acquisition_or_disposal', 'shares', 'share_price']
2025-08-11 17:47:25,584 - infrastructure.alpha_adapter.transform_utils - INFO - transform_utils.py:599 - Found 5 duplicate rows for MNPR, aggregating...
2025-08-11 17:47:25,774 - infrastructure.alpha_adapter.transform_utils - INFO - transform_utils.py:624 - After groupby aggregation for MNPR: 81 rows
2025-08-11 17:47:25,777 - infrastructure.alpha_adapter.transform_utils - INFO - transform_utils.py:626 - Transformed insider_transactions for MNPR:
  transaction_date symbol           executive                     executive_title          security_type acquisition_or_disposal    shares  share_price
0       2021-01-01   MNPR  MAZAR, ANDREW PAUL  Director, Chief Scientific Officer           Common Stock                       D     671.0     6.120000
1       2021-01-01   MNPR  ROBINSON, CHANDLER   Director, Chief Executive Officer           Common Stock                       D    2327.0     6.120000
2       2021-01-01   MNPR   TSUCHIMOTO, KIM R             Chief Financial Officer           Common Stock                       D     504.0     6.120000
3       2021-01-01   MNPR   TSUCHIMOTO, KIM R             Chief Financial Officer  Restricted Stock Unit                       D    1231.0     0.000000
4       2021-02-11   MNPR  TACTIC, PHARMA LLC                           10% Owner           Common stock                       D  125000.0    14.644959
2025-08-11 17:47:25,779 - infrastructure.databases.company.postgre_manager.postgre_manager - INFO - postgre_manager.py:109 - CompanyDataHandler initialized with database connection.
2025-08-11 17:47:25,780 - infrastructure.databases.company.postgre_manager.postgre_manager - INFO - postgre_manager.py:208 - CompanyDataHandler initialized with database connection.
2025-08-11 17:47:25,815 - infrastructure.databases.company.postgre_manager.postgre_manager - INFO - postgre_manager.py:353 - Inserted 81 new rows into insider_transactions
2025-08-11 17:47:25,821 - AlphaLoader - INFO - alphavantage_adapter.py:370 - Insider transaction data for MNPR loaded into the database.
2025-08-11 17:47:25,821 - db_initial_load_runner - INFO - initial_load.py:79 - Processing symbol: BPYPM
2025-08-11 17:47:25,821 - AlphaLoader - INFO - alphavantage_adapter.py:165 - Fetching data for BPYPM...
2025-08-11 17:47:26,564 - infrastructure.alpha_adapter.transform_utils - INFO - transform_utils.py:60 - Raw columns: ['date', '1. open', '2. high', '3. low', '4. close', '5. volume']
2025-08-11 17:47:26,564 - infrastructure.alpha_adapter.transform_utils - INFO - transform_utils.py:62 - Column map: {'1. open': 'open', '2. high': 'high', '3. low': 'low', '4. close': 'close', '5. volume': 'volume'}
2025-08-11 17:47:26,565 - infrastructure.alpha_adapter.transform_utils - INFO - transform_utils.py:64 - Columns after renaming: ['date', 'open', 'high', 'low', 'close', 'volume']
2025-08-11 17:47:26,574 - infrastructure.alpha_adapter.transform_utils - INFO - transform_utils.py:274 - Transformed daily_timeseries for BPYPM:
         date symbol     open     high      low    close volume
0  2025-08-08  BPYPM  15.9300  16.4900  15.8750  16.4400  11275
1  2025-08-07  BPYPM  15.8499  15.8800  15.7600  15.8078  17048
2  2025-08-06  BPYPM  15.8000  15.8500  15.7650  15.8400   6055
3  2025-08-05  BPYPM  15.7000  15.9300  15.7000  15.7999   5752
4  2025-08-04  BPYPM  15.6000  15.7300  15.3100  15.7300   5806
2025-08-11 17:47:26,582 - infrastructure.databases.company.postgre_manager.postgre_manager - INFO - postgre_manager.py:109 - CompanyDataHandler initialized with database connection.
2025-08-11 17:47:26,582 - infrastructure.databases.company.postgre_manager.postgre_manager - INFO - postgre_manager.py:208 - CompanyDataHandler initialized with database connection.
2025-08-11 17:47:26,671 - infrastructure.databases.company.postgre_manager.postgre_manager - INFO - postgre_manager.py:353 - Inserted 1014 new rows into daily_timeseries
2025-08-11 17:47:26,677 - AlphaLoader - INFO - alphavantage_adapter.py:189 - Candlestick data for BPYPM loaded into the database.
2025-08-11 17:47:26,677 - AlphaLoader - INFO - alphavantage_adapter.py:206 - Fetching company base data for BPYPM...
2025-08-11 17:47:27,088 - infrastructure.alpha_adapter.transform_utils - INFO - transform_utils.py:185 - Before transforming company_fundamentals for BPYPM:
  Symbol        AssetType                              Name Description      CIK Exchange Currency Country                      Sector     Industry                        Address OfficialSite FiscalYearEnd LatestQuarter MarketCapitalization EBITDA PERatio PEGRatio BookValue DividendPerShare DividendYield   EPS RevenuePerShareTTM ProfitMargin OperatingMarginTTM ReturnOnAssetsTTM ReturnOnEquityTTM RevenueTTM GrossProfitTTM DilutedEPSTTM QuarterlyEarningsGrowthYOY QuarterlyRevenueGrowthYOY AnalystTargetPrice AnalystRatingStrongBuy AnalystRatingBuy AnalystRatingHold AnalystRatingSell AnalystRatingStrongSell TrailingPE ForwardPE PriceToSalesRatioTTM PriceToBookRatio EVToRevenue EVToEBITDA  Beta 52WeekHigh 52WeekLow 50DayMovingAverage 200DayMovingAverage SharesOutstanding SharesFloat PercentInsiders PercentInstitutions DividendDate ExDividendDate
0  BPYPM  Preferred Stock  Brookfield Property Preferred LP        None  1545772   NASDAQ      USD     USA  REAL ESTATE & CONSTRUCTION  REAL ESTATE  73 FRONT STREET, HAMILTON, BM         None          None    0000-00-00                 None   None    None     None      None             None         0.104  None                  0            0                  0                 0                 0          0              0             0                          0                         0               None                      -                -                 -                 -                       -          -         -                    -                -           -          -  None      17.14     12.91              15.42               15.68                 0           0           0.000               0.000   2025-09-29           None
2025-08-11 17:47:27,162 - infrastructure.alpha_adapter.transform_utils - INFO - transform_utils.py:236 - Transformed company_fundamentals for BPYPM:
  symbol       asset_type                              name  description      cik exchange currency country                      sector     industry                        address  official_site  fiscal_year_end latest_quarter  market_capitalization  ebitda  pe_ratio  peg_ratio  book_value  dividend_per_share  dividend_yield  eps  revenue_per_share_ttm  profit_margin  operating_margin_ttm  return_on_assets_ttm  return_on_equity_ttm  revenue_ttm  gross_profit_ttm  diluted_eps_ttm  quarterly_earnings_growth_yoy  quarterly_revenue_growth_yoy  analyst_target_price  analyst_rating_strong_buy  analyst_rating_buy  analyst_rating_hold  analyst_rating_sell  analyst_rating_strong_sell  trailing_pe  forward_pe  price_to_sales_ratio_ttm  price_to_book_ratio  ev_to_revenue  ev_to_ebitda  beta  fifty_two_week_high  fifty_two_week_low  fifty_day_moving_average  two_hundred_day_moving_average  shares_outstanding dividend_date ex_dividend_date data_state last_update
0  BPYPM  Preferred Stock  Brookfield Property Preferred LP          NaN  1545772   NASDAQ      USD     USA  REAL ESTATE & CONSTRUCTION  REAL ESTATE  73 FRONT STREET, HAMILTON, BM            NaN              NaN     1900-01-01                    NaN     NaN       NaN        NaN         NaN                 NaN           0.104  NaN                      0              0                     0                     0                     0            0                 0                0                              0                             0                   NaN                       <NA>                <NA>                 <NA>                 <NA>                        <NA>          NaN         NaN                       NaN                  NaN            NaN           NaN   NaN                17.14               12.91                     15.42                           15.68                   0    2025-09-29       1900-01-01       None        None
2025-08-11 17:47:27,167 - infrastructure.databases.company.postgre_manager.postgre_manager - INFO - postgre_manager.py:109 - CompanyDataHandler initialized with database connection.
2025-08-11 17:47:27,167 - infrastructure.databases.company.postgre_manager.postgre_manager - INFO - postgre_manager.py:208 - CompanyDataHandler initialized with database connection.
2025-08-11 17:47:27,200 - infrastructure.databases.company.postgre_manager.postgre_manager - INFO - postgre_manager.py:353 - Inserted 1 new rows into company_fundamentals
2025-08-11 17:47:27,205 - AlphaLoader - INFO - alphavantage_adapter.py:235 - Company base data for BPYPM loaded into the database.
2025-08-11 17:47:27,205 - AlphaLoader - INFO - alphavantage_adapter.py:340 - Fetching INSIDER_TRANSACTIONS data for BPYPM...
2025-08-11 17:47:27,483 - infrastructure.alpha_adapter.transform_utils - WARNING - transform_utils.py:723 - Skipping BPYPM: No insider transactions data returned by API.
2025-08-11 17:47:27,483 - AlphaLoader - INFO - alphavantage_adapter.py:361 - Skipped BPYPM: No valid insider transactions data to insert.
2025-08-11 17:47:27,483 - db_initial_load_runner - INFO - initial_load.py:79 - Processing symbol: GSRTU
2025-08-11 17:47:27,483 - AlphaLoader - INFO - alphavantage_adapter.py:165 - Fetching data for GSRTU...
2025-08-11 17:47:28,065 - infrastructure.alpha_adapter.transform_utils - INFO - transform_utils.py:60 - Raw columns: ['date', '1. open', '2. high', '3. low', '4. close', '5. volume']
2025-08-11 17:47:28,065 - infrastructure.alpha_adapter.transform_utils - INFO - transform_utils.py:62 - Column map: {'1. open': 'open', '2. high': 'high', '3. low': 'low', '4. close': 'close', '5. volume': 'volume'}
2025-08-11 17:47:28,066 - infrastructure.alpha_adapter.transform_utils - INFO - transform_utils.py:64 - Columns after renaming: ['date', 'open', 'high', 'low', 'close', 'volume']
2025-08-11 17:47:28,073 - infrastructure.alpha_adapter.transform_utils - INFO - transform_utils.py:274 - Transformed daily_timeseries for GSRTU:
         date symbol     open     high      low    close volume
0  2025-08-08  GSRTU  11.7500  11.7500  11.7500  11.7500      0
1  2025-08-07  GSRTU  11.7500  11.7500  11.7500  11.7500      0
2  2025-08-06  GSRTU  11.7500  11.7500  11.7500  11.7500      0
3  2025-08-05  GSRTU  11.7500  11.7500  11.7500  11.7500      0
4  2025-08-04  GSRTU  11.7500  11.7500  11.7500  11.7500      0
2025-08-11 17:47:28,076 - infrastructure.databases.company.postgre_manager.postgre_manager - INFO - postgre_manager.py:109 - CompanyDataHandler initialized with database connection.
2025-08-11 17:47:28,076 - infrastructure.databases.company.postgre_manager.postgre_manager - INFO - postgre_manager.py:208 - CompanyDataHandler initialized with database connection.
2025-08-11 17:47:28,119 - infrastructure.databases.company.postgre_manager.postgre_manager - INFO - postgre_manager.py:353 - Inserted 187 new rows into daily_timeseries
2025-08-11 17:47:28,125 - AlphaLoader - INFO - alphavantage_adapter.py:189 - Candlestick data for GSRTU loaded into the database.
2025-08-11 17:47:28,126 - AlphaLoader - INFO - alphavantage_adapter.py:206 - Fetching company base data for GSRTU...
2025-08-11 17:47:28,530 - infrastructure.alpha_adapter.transform_utils - INFO - transform_utils.py:185 - Before transforming company_fundamentals for GSRTU:
  Symbol     AssetType                            Name                                                               Description   CIK Exchange Currency Country      Sector Industry Address OfficialSite FiscalYearEnd LatestQuarter MarketCapitalization EBITDA PERatio PEGRatio BookValue DividendPerShare DividendYield   EPS RevenuePerShareTTM ProfitMargin OperatingMarginTTM ReturnOnAssetsTTM ReturnOnEquityTTM RevenueTTM GrossProfitTTM DilutedEPSTTM QuarterlyEarningsGrowthYOY QuarterlyRevenueGrowthYOY AnalystTargetPrice AnalystRatingStrongBuy AnalystRatingBuy AnalystRatingHold AnalystRatingSell AnalystRatingStrongSell TrailingPE ForwardPE PriceToSalesRatioTTM PriceToBookRatio EVToRevenue EVToEBITDA  Beta 52WeekHigh 52WeekLow 50DayMovingAverage 200DayMovingAverage SharesOutstanding SharesFloat PercentInsiders PercentInstitutions DividendDate ExDividendDate
0  GSRTU  Common Stock  GSR III Acquisition Corp. Unit  GSR III Acquisition Corp. The company is headquartered in Austin, Texas.  None   NASDAQ      USD     USA  TECHNOLOGY  GENERAL    NONE         None      December    2024-09-30                 None   None    None     None     0.001             None          None  None                  0            0                  0                 0                 0          0              0             0                          0                         0               None                      -                -                 -                 -                       -          -         -                    -                -           -          -  None         13      9.97              10.08               10.06                 0    12968900          26.489              46.376         None           None
2025-08-11 17:47:28,596 - infrastructure.alpha_adapter.transform_utils - INFO - transform_utils.py:236 - Transformed company_fundamentals for GSRTU:
  symbol    asset_type                            name                                                               description   cik exchange currency country      sector industry address  official_site fiscal_year_end latest_quarter  market_capitalization  ebitda  pe_ratio  peg_ratio  book_value  dividend_per_share  dividend_yield  eps  revenue_per_share_ttm  profit_margin  operating_margin_ttm  return_on_assets_ttm  return_on_equity_ttm  revenue_ttm  gross_profit_ttm  diluted_eps_ttm  quarterly_earnings_growth_yoy  quarterly_revenue_growth_yoy  analyst_target_price  analyst_rating_strong_buy  analyst_rating_buy  analyst_rating_hold  analyst_rating_sell  analyst_rating_strong_sell  trailing_pe  forward_pe  price_to_sales_ratio_ttm  price_to_book_ratio  ev_to_revenue  ev_to_ebitda  beta  fifty_two_week_high  fifty_two_week_low  fifty_day_moving_average  two_hundred_day_moving_average  shares_outstanding dividend_date ex_dividend_date data_state last_update
0  GSRTU  Common Stock  GSR III Acquisition Corp. Unit  GSR III Acquisition Corp. The company is headquartered in Austin, Texas.  <NA>   NASDAQ      USD     USA  TECHNOLOGY  GENERAL    NONE            NaN        December     2024-09-30                    NaN     NaN       NaN        NaN       0.001                 NaN             NaN  NaN                      0              0                     0                     0                     0            0                 0                0                              0                             0                   NaN                       <NA>                <NA>                 <NA>                 <NA>                        <NA>          NaN         NaN                       NaN                  NaN            NaN           NaN   NaN                   13                9.97                     10.08                           10.06                   0    1900-01-01       1900-01-01       None        None
2025-08-11 17:47:28,599 - infrastructure.databases.company.postgre_manager.postgre_manager - INFO - postgre_manager.py:109 - CompanyDataHandler initialized with database connection.
2025-08-11 17:47:28,599 - infrastructure.databases.company.postgre_manager.postgre_manager - INFO - postgre_manager.py:208 - CompanyDataHandler initialized with database connection.
2025-08-11 17:47:28,630 - infrastructure.databases.company.postgre_manager.postgre_manager - INFO - postgre_manager.py:353 - Inserted 1 new rows into company_fundamentals
2025-08-11 17:47:28,635 - AlphaLoader - INFO - alphavantage_adapter.py:235 - Company base data for GSRTU loaded into the database.
2025-08-11 17:47:28,636 - AlphaLoader - INFO - alphavantage_adapter.py:340 - Fetching INSIDER_TRANSACTIONS data for GSRTU...
2025-08-11 17:47:28,916 - infrastructure.alpha_adapter.transform_utils - WARNING - transform_utils.py:723 - Skipping GSRTU: No insider transactions data returned by API.
2025-08-11 17:47:28,917 - AlphaLoader - INFO - alphavantage_adapter.py:361 - Skipped GSRTU: No valid insider transactions data to insert.
2025-08-11 17:47:28,917 - db_initial_load_runner - INFO - initial_load.py:79 - Processing symbol: WSC
2025-08-11 17:47:28,917 - AlphaLoader - INFO - alphavantage_adapter.py:165 - Fetching data for WSC...
2025-08-11 17:47:29,871 - infrastructure.alpha_adapter.transform_utils - INFO - transform_utils.py:60 - Raw columns: ['date', '1. open', '2. high', '3. low', '4. close', '5. volume']
2025-08-11 17:47:29,871 - infrastructure.alpha_adapter.transform_utils - INFO - transform_utils.py:62 - Column map: {'1. open': 'open', '2. high': 'high', '3. low': 'low', '4. close': 'close', '5. volume': 'volume'}
2025-08-11 17:47:29,872 - infrastructure.alpha_adapter.transform_utils - INFO - transform_utils.py:64 - Columns after renaming: ['date', 'open', 'high', 'low', 'close', 'volume']
2025-08-11 17:47:29,883 - infrastructure.alpha_adapter.transform_utils - INFO - transform_utils.py:274 - Transformed daily_timeseries for WSC:
         date symbol     open     high      low    close   volume
0  2025-08-08    WSC  24.7600  24.7600  24.2000  24.3500  2298755
1  2025-08-07    WSC  24.8900  25.1550  24.3300  24.6700  2355526
2  2025-08-06    WSC  25.3700  25.5200  24.3800  24.5300  2468463
3  2025-08-05    WSC  25.4100  25.7550  24.7400  25.3500  3461650
4  2025-08-04    WSC  25.7000  25.8200  24.8100  25.0950  4039749
2025-08-11 17:47:29,893 - infrastructure.databases.company.postgre_manager.postgre_manager - INFO - postgre_manager.py:109 - CompanyDataHandler initialized with database connection.
2025-08-11 17:47:29,893 - infrastructure.databases.company.postgre_manager.postgre_manager - INFO - postgre_manager.py:208 - CompanyDataHandler initialized with database connection.
2025-08-11 17:47:30,015 - infrastructure.databases.company.postgre_manager.postgre_manager - INFO - postgre_manager.py:353 - Inserted 1932 new rows into daily_timeseries
2025-08-11 17:47:30,021 - AlphaLoader - INFO - alphavantage_adapter.py:189 - Candlestick data for WSC loaded into the database.
2025-08-11 17:47:30,021 - AlphaLoader - INFO - alphavantage_adapter.py:206 - Fetching company base data for WSC...
2025-08-11 17:47:30,465 - infrastructure.alpha_adapter.transform_utils - INFO - transform_utils.py:185 - Before transforming company_fundamentals for WSC:
  Symbol     AssetType                                  Name                                                                            Description      CIK Exchange Currency Country            Sector                                           Industry                                           Address              OfficialSite FiscalYearEnd LatestQuarter MarketCapitalization     EBITDA PERatio PEGRatio BookValue DividendPerShare DividendYield   EPS RevenuePerShareTTM ProfitMargin OperatingMarginTTM ReturnOnAssetsTTM ReturnOnEquityTTM  RevenueTTM GrossProfitTTM DilutedEPSTTM QuarterlyEarningsGrowthYOY QuarterlyRevenueGrowthYOY AnalystTargetPrice AnalystRatingStrongBuy AnalystRatingBuy AnalystRatingHold AnalystRatingSell AnalystRatingStrongSell TrailingPE ForwardPE PriceToSalesRatioTTM PriceToBookRatio EVToRevenue EVToEBITDA   Beta 52WeekHigh 52WeekLow 50DayMovingAverage 200DayMovingAverage SharesOutstanding SharesFloat PercentInsiders PercentInstitutions DividendDate ExDividendDate
0    WSC  Common Stock  Willscot Mobile Mini Holdings Corp A  WillScot Mobile Mini Holdings Corp. The company is headquartered in Phoenix, Arizona.  1647088   NASDAQ      USD     USA  TRADE & SERVICES  SERVICES-MISCELLANEOUS EQUIPMENT RENTAL & LEASING  901 S. BOND STREET, SUITE 600, BALTIMORE, MD, US  https://www.willscot.com      December    2025-06-30           4433526000  682150000   41.27    1.382      5.68             0.14        0.0057  0.59              12.74       0.0466              0.218            0.0605            0.0982  2352581000     1254269000          0.59                     -0.207                    -0.026              34.33                      1                3                 5                 0                       0      41.27      20.7                1.885            4.285       3.562      10.56  1.198      41.95     21.85              28.21               31.67         182075000   176873000           2.852             112.401   2025-09-17     2025-09-03
2025-08-11 17:47:30,534 - infrastructure.alpha_adapter.transform_utils - INFO - transform_utils.py:236 - Transformed company_fundamentals for WSC:
  symbol    asset_type                                  name                                                                            description      cik exchange currency country            sector                                           industry                                           address             official_site fiscal_year_end latest_quarter  market_capitalization     ebitda  pe_ratio  peg_ratio  book_value  dividend_per_share  dividend_yield   eps  revenue_per_share_ttm  profit_margin  operating_margin_ttm  return_on_assets_ttm  return_on_equity_ttm  revenue_ttm  gross_profit_ttm  diluted_eps_ttm  quarterly_earnings_growth_yoy  quarterly_revenue_growth_yoy  analyst_target_price  analyst_rating_strong_buy  analyst_rating_buy  analyst_rating_hold  analyst_rating_sell  analyst_rating_strong_sell  trailing_pe  forward_pe  price_to_sales_ratio_ttm  price_to_book_ratio  ev_to_revenue  ev_to_ebitda   beta  fifty_two_week_high  fifty_two_week_low  fifty_day_moving_average  two_hundred_day_moving_average  shares_outstanding dividend_date ex_dividend_date data_state last_update
0    WSC  Common Stock  Willscot Mobile Mini Holdings Corp A  WillScot Mobile Mini Holdings Corp. The company is headquartered in Phoenix, Arizona.  1647088   NASDAQ      USD     USA  TRADE & SERVICES  SERVICES-MISCELLANEOUS EQUIPMENT RENTAL & LEASING  901 S. BOND STREET, SUITE 600, BALTIMORE, MD, US  https://www.willscot.com        December     2025-06-30             4433526000  682150000     41.27      1.382        5.68                0.14          0.0057  0.59                  12.74         0.0466                 0.218                0.0605                0.0982   2352581000        1254269000             0.59                         -0.207                        -0.026                 34.33                          1                   3                    5                    0                           0        41.27        20.7                     1.885                4.285          3.562         10.56  1.198                41.95               21.85                     28.21                           31.67           182075000    2025-09-17       2025-09-03       None        None
2025-08-11 17:47:30,539 - infrastructure.databases.company.postgre_manager.postgre_manager - INFO - postgre_manager.py:109 - CompanyDataHandler initialized with database connection.
2025-08-11 17:47:30,539 - infrastructure.databases.company.postgre_manager.postgre_manager - INFO - postgre_manager.py:208 - CompanyDataHandler initialized with database connection.
2025-08-11 17:47:30,573 - infrastructure.databases.company.postgre_manager.postgre_manager - INFO - postgre_manager.py:353 - Inserted 1 new rows into company_fundamentals
2025-08-11 17:47:30,578 - AlphaLoader - INFO - alphavantage_adapter.py:235 - Company base data for WSC loaded into the database.
2025-08-11 17:47:30,578 - AlphaLoader - INFO - alphavantage_adapter.py:340 - Fetching INSIDER_TRANSACTIONS data for WSC...
2025-08-11 17:47:31,286 - infrastructure.alpha_adapter.transform_utils - INFO - transform_utils.py:60 - Raw columns: ['transaction_date', 'ticker', 'executive', 'executive_title', 'security_type', 'acquisition_or_disposal', 'shares', 'share_price']
2025-08-11 17:47:31,286 - infrastructure.alpha_adapter.transform_utils - INFO - transform_utils.py:62 - Column map: {'transaction_date': 'transaction_date', 'ticker': 'symbol', 'executive': 'executive', 'executive_title': 'executive_title', 'security_type': 'security_type', 'acquisition_or_disposal': 'acquisition_or_disposal', 'shares': 'shares', 'share_price': 'share_price'}
2025-08-11 17:47:31,287 - infrastructure.alpha_adapter.transform_utils - INFO - transform_utils.py:64 - Columns after renaming: ['transaction_date', 'symbol', 'executive', 'executive_title', 'security_type', 'acquisition_or_disposal', 'shares', 'share_price']
2025-08-11 17:47:31,309 - infrastructure.alpha_adapter.transform_utils - INFO - transform_utils.py:599 - Found 98 duplicate rows for WSC, aggregating...
2025-08-11 17:47:31,730 - infrastructure.alpha_adapter.transform_utils - INFO - transform_utils.py:624 - After groupby aggregation for WSC: 212 rows
2025-08-11 17:47:31,733 - infrastructure.alpha_adapter.transform_utils - INFO - transform_utils.py:626 - Transformed insider_transactions for WSC:
  transaction_date symbol                   executive      executive_title                                      security_type acquisition_or_disposal      shares  share_price
0       2017-11-29    WSC          ROBERTSON, STEPHEN  Director, 10% Owner  Class A common stock, par value $0.0001 per share                       A  43268901.0         9.60
1       2017-11-29    WSC  SAPPHIRE, HOLDING S.A R.L.            10% Owner  Class A common stock, par value $0.0001 per share                       A  43268901.0         9.60
2       2018-05-08    WSC           BARTLETT, MARK S.             Director  Class A common stock, par value $0.0001 per share                       A     25000.0        12.59
3       2018-09-17    WSC           SAGANSKY, JEFFREY             Director                         Private Placement Warrants                       A    100000.0         3.00
4       2018-09-18    WSC            ROSEN, FREDRIC D             Director                         Private Placement Warrants                       D    300000.0         3.20
2025-08-11 17:47:31,737 - infrastructure.databases.company.postgre_manager.postgre_manager - INFO - postgre_manager.py:109 - CompanyDataHandler initialized with database connection.
2025-08-11 17:47:31,737 - infrastructure.databases.company.postgre_manager.postgre_manager - INFO - postgre_manager.py:208 - CompanyDataHandler initialized with database connection.
2025-08-11 17:47:31,782 - infrastructure.databases.company.postgre_manager.postgre_manager - INFO - postgre_manager.py:353 - Inserted 212 new rows into insider_transactions
2025-08-11 17:47:31,789 - AlphaLoader - INFO - alphavantage_adapter.py:370 - Insider transaction data for WSC loaded into the database.
2025-08-11 17:47:31,789 - db_initial_load_runner - INFO - initial_load.py:79 - Processing symbol: NWPX
2025-08-11 17:47:31,789 - AlphaLoader - INFO - alphavantage_adapter.py:165 - Fetching data for NWPX...
2025-08-11 17:47:32,831 - infrastructure.alpha_adapter.transform_utils - INFO - transform_utils.py:60 - Raw columns: ['date', '1. open', '2. high', '3. low', '4. close', '5. volume']
2025-08-11 17:47:32,831 - infrastructure.alpha_adapter.transform_utils - INFO - transform_utils.py:62 - Column map: {'1. open': 'open', '2. high': 'high', '3. low': 'low', '4. close': 'close', '5. volume': 'volume'}
2025-08-11 17:47:32,832 - infrastructure.alpha_adapter.transform_utils - INFO - transform_utils.py:64 - Columns after renaming: ['date', 'open', 'high', 'low', 'close', 'volume']
2025-08-11 17:47:32,865 - infrastructure.alpha_adapter.transform_utils - INFO - transform_utils.py:274 - Transformed daily_timeseries for NWPX:
         date symbol     open     high      low    close  volume
0  2025-08-08   NWPX  45.0900  48.5700  44.4400  48.4000  128024
1  2025-08-07   NWPX  42.1400  42.8000  41.7300  42.7200   51261
2  2025-08-06   NWPX  42.1900  42.3399  41.5700  42.0100   31812
3  2025-08-05   NWPX  41.3900  42.2150  41.0400  42.0600   33996
4  2025-08-04   NWPX  40.5800  41.3350  40.0100  41.1600   41215
2025-08-11 17:47:32,892 - infrastructure.databases.company.postgre_manager.postgre_manager - INFO - postgre_manager.py:109 - CompanyDataHandler initialized with database connection.
2025-08-11 17:47:32,892 - infrastructure.databases.company.postgre_manager.postgre_manager - INFO - postgre_manager.py:208 - CompanyDataHandler initialized with database connection.
2025-08-11 17:47:33,224 - infrastructure.databases.company.postgre_manager.postgre_manager - INFO - postgre_manager.py:353 - Inserted 6482 new rows into daily_timeseries
2025-08-11 17:47:33,231 - AlphaLoader - INFO - alphavantage_adapter.py:189 - Candlestick data for NWPX loaded into the database.
2025-08-11 17:47:33,232 - AlphaLoader - INFO - alphavantage_adapter.py:206 - Fetching company base data for NWPX...
2025-08-11 17:47:33,539 - infrastructure.alpha_adapter.transform_utils - INFO - transform_utils.py:185 - Before transforming company_fundamentals for NWPX:
  Symbol     AssetType                    Name                                                                                                                                                     Description      CIK Exchange Currency Country         Sector            Industry                                                Address            OfficialSite FiscalYearEnd LatestQuarter MarketCapitalization    EBITDA PERatio PEGRatio BookValue DividendPerShare DividendYield   EPS RevenuePerShareTTM ProfitMargin OperatingMarginTTM ReturnOnAssetsTTM ReturnOnEquityTTM RevenueTTM GrossProfitTTM DilutedEPSTTM QuarterlyEarningsGrowthYOY QuarterlyRevenueGrowthYOY AnalystTargetPrice AnalystRatingStrongBuy AnalystRatingBuy AnalystRatingHold AnalystRatingSell AnalystRatingStrongSell TrailingPE ForwardPE PriceToSalesRatioTTM PriceToBookRatio EVToRevenue EVToEBITDA   Beta 52WeekHigh 52WeekLow 50DayMovingAverage 200DayMovingAverage SharesOutstanding SharesFloat PercentInsiders PercentInstitutions DividendDate ExDividendDate
0   NWPX  Common Stock  Northwest Pipe Company  Northwest Pipe Company manufactures and supplies engineered welded steel pipe systems in North America. The company is headquartered in Vancouver, Washington.  1001385   NASDAQ      USD     USA  MANUFACTURING  STEEL PIPE & TUBES  201 NE PARK PLAZA DRIVE, SUITE 100, VANCOUVER, WA, US  https://www.nwpipe.com      December    2025-03-31            478099000  64036000    14.8    3.216      38.4             None          None  3.27              50.35       0.0669             0.0994            0.0457            0.0914  499125000       94187000          3.27                      0.058                     0.028                 55                      0                1                 1                 0                       0       14.8     16.08                0.958            1.263       1.214        9.4  0.931      57.76     36.97              41.01               45.16           9878100     9558100           3.114              87.122         None           None
2025-08-11 17:47:33,609 - infrastructure.alpha_adapter.transform_utils - INFO - transform_utils.py:236 - Transformed company_fundamentals for NWPX:
  symbol    asset_type                    name                                                                                                                                                     description      cik exchange currency country         sector            industry                                                address           official_site fiscal_year_end latest_quarter  market_capitalization    ebitda  pe_ratio  peg_ratio  book_value  dividend_per_share  dividend_yield   eps  revenue_per_share_ttm  profit_margin  operating_margin_ttm  return_on_assets_ttm  return_on_equity_ttm  revenue_ttm  gross_profit_ttm  diluted_eps_ttm  quarterly_earnings_growth_yoy  quarterly_revenue_growth_yoy  analyst_target_price  analyst_rating_strong_buy  analyst_rating_buy  analyst_rating_hold  analyst_rating_sell  analyst_rating_strong_sell  trailing_pe  forward_pe  price_to_sales_ratio_ttm  price_to_book_ratio  ev_to_revenue  ev_to_ebitda   beta  fifty_two_week_high  fifty_two_week_low  fifty_day_moving_average  two_hundred_day_moving_average  shares_outstanding dividend_date ex_dividend_date data_state last_update
0   NWPX  Common Stock  Northwest Pipe Company  Northwest Pipe Company manufactures and supplies engineered welded steel pipe systems in North America. The company is headquartered in Vancouver, Washington.  1001385   NASDAQ      USD     USA  MANUFACTURING  STEEL PIPE & TUBES  201 NE PARK PLAZA DRIVE, SUITE 100, VANCOUVER, WA, US  https://www.nwpipe.com        December     2025-03-31              478099000  64036000      14.8      3.216        38.4                 NaN             NaN  3.27                  50.35         0.0669                0.0994                0.0457                0.0914    499125000          94187000             3.27                          0.058                         0.028                    55                          0                   1                    1                    0                           0         14.8       16.08                     0.958                1.263          1.214           9.4  0.931                57.76               36.97                     41.01                           45.16             9878100    1900-01-01       1900-01-01       None        None
2025-08-11 17:47:33,612 - infrastructure.databases.company.postgre_manager.postgre_manager - INFO - postgre_manager.py:109 - CompanyDataHandler initialized with database connection.
2025-08-11 17:47:33,612 - infrastructure.databases.company.postgre_manager.postgre_manager - INFO - postgre_manager.py:208 - CompanyDataHandler initialized with database connection.
2025-08-11 17:47:33,645 - infrastructure.databases.company.postgre_manager.postgre_manager - INFO - postgre_manager.py:353 - Inserted 1 new rows into company_fundamentals
2025-08-11 17:47:33,650 - AlphaLoader - INFO - alphavantage_adapter.py:235 - Company base data for NWPX loaded into the database.
2025-08-11 17:47:33,650 - AlphaLoader - INFO - alphavantage_adapter.py:340 - Fetching INSIDER_TRANSACTIONS data for NWPX...
2025-08-11 17:47:34,474 - infrastructure.alpha_adapter.transform_utils - INFO - transform_utils.py:60 - Raw columns: ['transaction_date', 'ticker', 'executive', 'executive_title', 'security_type', 'acquisition_or_disposal', 'shares', 'share_price']
2025-08-11 17:47:34,474 - infrastructure.alpha_adapter.transform_utils - INFO - transform_utils.py:62 - Column map: {'transaction_date': 'transaction_date', 'ticker': 'symbol', 'executive': 'executive', 'executive_title': 'executive_title', 'security_type': 'security_type', 'acquisition_or_disposal': 'acquisition_or_disposal', 'shares': 'shares', 'share_price': 'share_price'}
2025-08-11 17:47:34,475 - infrastructure.alpha_adapter.transform_utils - INFO - transform_utils.py:64 - Columns after renaming: ['transaction_date', 'symbol', 'executive', 'executive_title', 'security_type', 'acquisition_or_disposal', 'shares', 'share_price']
2025-08-11 17:47:34,503 - infrastructure.alpha_adapter.transform_utils - INFO - transform_utils.py:599 - Found 368 duplicate rows for NWPX, aggregating...
2025-08-11 17:47:35,478 - infrastructure.alpha_adapter.transform_utils - INFO - transform_utils.py:624 - After groupby aggregation for NWPX: 484 rows
2025-08-11 17:47:35,481 - infrastructure.alpha_adapter.transform_utils - INFO - transform_utils.py:626 - Transformed insider_transactions for NWPX:
  transaction_date symbol             executive       executive_title           security_type acquisition_or_disposal  shares  share_price
0       2004-10-28   NWPX  MITCHELL, TERRENCE R  SVP TUBULAR PRODUCTS            COMMON STOCK                       A  2400.0     4.780000
1       2004-10-28   NWPX  MITCHELL, TERRENCE R  SVP TUBULAR PRODUCTS            COMMON STOCK                       D  2400.0    17.132517
2       2004-10-28   NWPX  MITCHELL, TERRENCE R  SVP TUBULAR PRODUCTS  INCENTIVE STOCK OPTION                       D  2400.0     4.780000
3       2004-10-29   NWPX  MITCHELL, TERRENCE R  SVP TUBULAR PRODUCTS            COMMON STOCK                       A  2000.0     4.780000
4       2004-10-29   NWPX  MITCHELL, TERRENCE R  SVP TUBULAR PRODUCTS            COMMON STOCK                       D  2000.0    16.750000
2025-08-11 17:47:35,486 - infrastructure.databases.company.postgre_manager.postgre_manager - INFO - postgre_manager.py:109 - CompanyDataHandler initialized with database connection.
2025-08-11 17:47:35,486 - infrastructure.databases.company.postgre_manager.postgre_manager - INFO - postgre_manager.py:208 - CompanyDataHandler initialized with database connection.
2025-08-11 17:47:35,551 - infrastructure.databases.company.postgre_manager.postgre_manager - INFO - postgre_manager.py:353 - Inserted 484 new rows into insider_transactions
2025-08-11 17:47:35,557 - AlphaLoader - INFO - alphavantage_adapter.py:370 - Insider transaction data for NWPX loaded into the database.
2025-08-11 17:47:35,558 - db_initial_load_runner - INFO - initial_load.py:79 - Processing symbol: LANC
2025-08-11 17:47:35,558 - AlphaLoader - INFO - alphavantage_adapter.py:165 - Fetching data for LANC...
2025-08-11 17:47:36,084 - AlphaLoader - ERROR - alphavantage_adapter.py:174 - Error in API response for LANC: {'Error Message': 'Invalid API call. Please retry or visit the documentation (https://www.alphavantage.co/documentation/) for TIME_SERIES_DAILY.'}
2025-08-11 17:47:36,084 - AlphaLoader - INFO - alphavantage_adapter.py:206 - Fetching company base data for LANC...
2025-08-11 17:47:36,287 - AlphaLoader - WARNING - alphavantage_adapter.py:216 - Skipping LANC: No company fundamentals data returned by API.
2025-08-11 17:47:36,288 - AlphaLoader - INFO - alphavantage_adapter.py:340 - Fetching INSIDER_TRANSACTIONS data for LANC...
2025-08-11 17:47:36,697 - AlphaLoader - WARNING - alphavantage_adapter.py:350 - Skipping LANC: No insider transactions data returned by API.
2025-08-11 17:47:36,698 - db_initial_load_runner - INFO - initial_load.py:79 - Processing symbol: ONMDW
2025-08-11 17:47:36,698 - AlphaLoader - INFO - alphavantage_adapter.py:165 - Fetching data for ONMDW...
2025-08-11 17:47:37,333 - infrastructure.alpha_adapter.transform_utils - INFO - transform_utils.py:60 - Raw columns: ['date', '1. open', '2. high', '3. low', '4. close', '5. volume']
2025-08-11 17:47:37,334 - infrastructure.alpha_adapter.transform_utils - INFO - transform_utils.py:62 - Column map: {'1. open': 'open', '2. high': 'high', '3. low': 'low', '4. close': 'close', '5. volume': 'volume'}
2025-08-11 17:47:37,334 - infrastructure.alpha_adapter.transform_utils - INFO - transform_utils.py:64 - Columns after renaming: ['date', 'open', 'high', 'low', 'close', 'volume']
2025-08-11 17:47:37,345 - infrastructure.alpha_adapter.transform_utils - INFO - transform_utils.py:274 - Transformed daily_timeseries for ONMDW:
         date symbol    open    high     low   close volume
0  2025-08-08  ONMDW  0.0178  0.0178  0.0178  0.0178   1077
1  2025-08-07  ONMDW  0.0285  0.0285  0.0285  0.0285      0
2  2025-08-06  ONMDW  0.0170  0.0288  0.0170  0.0285   3500
3  2025-08-05  ONMDW  0.0298  0.0298  0.0298  0.0298   1021
4  2025-08-04  ONMDW  0.0210  0.0298  0.0200  0.0249  61731
2025-08-11 17:47:37,352 - infrastructure.databases.company.postgre_manager.postgre_manager - INFO - postgre_manager.py:109 - CompanyDataHandler initialized with database connection.
2025-08-11 17:47:37,352 - infrastructure.databases.company.postgre_manager.postgre_manager - INFO - postgre_manager.py:208 - CompanyDataHandler initialized with database connection.
2025-08-11 17:47:37,446 - infrastructure.databases.company.postgre_manager.postgre_manager - INFO - postgre_manager.py:353 - Inserted 1036 new rows into daily_timeseries
2025-08-11 17:47:37,453 - AlphaLoader - INFO - alphavantage_adapter.py:189 - Candlestick data for ONMDW loaded into the database.
2025-08-11 17:47:37,453 - AlphaLoader - INFO - alphavantage_adapter.py:206 - Fetching company base data for ONMDW...
2025-08-11 17:47:37,648 - infrastructure.alpha_adapter.transform_utils - INFO - transform_utils.py:185 - Before transforming company_fundamentals for ONMDW:
  Symbol     AssetType             Name                                                                                                                                                                                           Description      CIK Exchange Currency Country            Sector                                            Industry                                                               Address               OfficialSite FiscalYearEnd LatestQuarter MarketCapitalization    EBITDA PERatio PEGRatio BookValue DividendPerShare DividendYield   EPS RevenuePerShareTTM ProfitMargin OperatingMarginTTM ReturnOnAssetsTTM ReturnOnEquityTTM RevenueTTM GrossProfitTTM DilutedEPSTTM QuarterlyEarningsGrowthYOY QuarterlyRevenueGrowthYOY AnalystTargetPrice AnalystRatingStrongBuy AnalystRatingBuy AnalystRatingHold AnalystRatingSell AnalystRatingStrongSell TrailingPE ForwardPE PriceToSalesRatioTTM PriceToBookRatio EVToRevenue EVToEBITDA   Beta 52WeekHigh 52WeekLow 50DayMovingAverage 200DayMovingAverage SharesOutstanding SharesFloat PercentInsiders PercentInstitutions DividendDate ExDividendDate
0  ONMDW  Common Stock  OneMedNet Corp.  OneMedNet Corporation develops technology that focuses on accessing and sharing health data. The company is headquartered in Eden Prairie, Minnesota with a development office in Vancouver, Canada.  1849380   NASDAQ      USD     USA  TRADE & SERVICES  SERVICES-COMMERCIAL PHYSICAL & BIOLOGICAL RESEARCH  6385 OLD SHADY OAK ROAD, SUITE 250, EDEN PRAIRIE, MN, UNITED KINGDOM  https://www.onemednet.com      December    2025-03-31                 None  -9670000    None     None    -0.541             None          None  None              0.018            0             -16.23            -4.899                 0     532000        -436000             0                          0                    -0.448               None                      -                -                 -                 -                       -          -         -                    -                -           -          -  0.872     0.0825    0.0138                  0                   0                 0    12541600           0.000               0.000         None           None
2025-08-11 17:47:37,717 - infrastructure.alpha_adapter.transform_utils - INFO - transform_utils.py:236 - Transformed company_fundamentals for ONMDW:
  symbol    asset_type             name                                                                                                                                                                                           description      cik exchange currency country            sector                                            industry                                                               address              official_site fiscal_year_end latest_quarter  market_capitalization   ebitda  pe_ratio  peg_ratio  book_value  dividend_per_share  dividend_yield  eps  revenue_per_share_ttm  profit_margin  operating_margin_ttm  return_on_assets_ttm  return_on_equity_ttm  revenue_ttm  gross_profit_ttm  diluted_eps_ttm  quarterly_earnings_growth_yoy  quarterly_revenue_growth_yoy  analyst_target_price  analyst_rating_strong_buy  analyst_rating_buy  analyst_rating_hold  analyst_rating_sell  analyst_rating_strong_sell  trailing_pe  forward_pe  price_to_sales_ratio_ttm  price_to_book_ratio  ev_to_revenue  ev_to_ebitda   beta  fifty_two_week_high  fifty_two_week_low  fifty_day_moving_average  two_hundred_day_moving_average  shares_outstanding dividend_date ex_dividend_date data_state last_update
0  ONMDW  Common Stock  OneMedNet Corp.  OneMedNet Corporation develops technology that focuses on accessing and sharing health data. The company is headquartered in Eden Prairie, Minnesota with a development office in Vancouver, Canada.  1849380   NASDAQ      USD     USA  TRADE & SERVICES  SERVICES-COMMERCIAL PHYSICAL & BIOLOGICAL RESEARCH  6385 OLD SHADY OAK ROAD, SUITE 250, EDEN PRAIRIE, MN, UNITED KINGDOM  https://www.onemednet.com        December     2025-03-31                    NaN -9670000       NaN        NaN      -0.541                 NaN             NaN  NaN                  0.018              0                -16.23                -4.899                     0       532000           -436000                0                              0                        -0.448                   NaN                       <NA>                <NA>                 <NA>                 <NA>                        <NA>          NaN         NaN                       NaN                  NaN            NaN           NaN  0.872               0.0825              0.0138                         0                               0                   0    1900-01-01       1900-01-01       None        None
2025-08-11 17:47:37,721 - infrastructure.databases.company.postgre_manager.postgre_manager - INFO - postgre_manager.py:109 - CompanyDataHandler initialized with database connection.
2025-08-11 17:47:37,721 - infrastructure.databases.company.postgre_manager.postgre_manager - INFO - postgre_manager.py:208 - CompanyDataHandler initialized with database connection.
2025-08-11 17:47:37,751 - infrastructure.databases.company.postgre_manager.postgre_manager - INFO - postgre_manager.py:353 - Inserted 1 new rows into company_fundamentals
2025-08-11 17:47:37,756 - AlphaLoader - INFO - alphavantage_adapter.py:235 - Company base data for ONMDW loaded into the database.
2025-08-11 17:47:37,757 - AlphaLoader - INFO - alphavantage_adapter.py:340 - Fetching INSIDER_TRANSACTIONS data for ONMDW...
2025-08-11 17:47:38,071 - infrastructure.alpha_adapter.transform_utils - WARNING - transform_utils.py:723 - Skipping ONMDW: No insider transactions data returned by API.
2025-08-11 17:47:38,072 - AlphaLoader - INFO - alphavantage_adapter.py:361 - Skipped ONMDW: No valid insider transactions data to insert.
2025-08-11 17:47:38,072 - db_initial_load_runner - INFO - initial_load.py:79 - Processing symbol: NIPG
2025-08-11 17:47:38,072 - AlphaLoader - INFO - alphavantage_adapter.py:165 - Fetching data for NIPG...
2025-08-11 17:47:38,547 - infrastructure.alpha_adapter.transform_utils - INFO - transform_utils.py:60 - Raw columns: ['date', '1. open', '2. high', '3. low', '4. close', '5. volume']
2025-08-11 17:47:38,547 - infrastructure.alpha_adapter.transform_utils - INFO - transform_utils.py:62 - Column map: {'1. open': 'open', '2. high': 'high', '3. low': 'low', '4. close': 'close', '5. volume': 'volume'}
2025-08-11 17:47:38,548 - infrastructure.alpha_adapter.transform_utils - INFO - transform_utils.py:64 - Columns after renaming: ['date', 'open', 'high', 'low', 'close', 'volume']
2025-08-11 17:47:38,556 - infrastructure.alpha_adapter.transform_utils - INFO - transform_utils.py:274 - Transformed daily_timeseries for NIPG:
         date symbol    open    high     low   close volume
0  2025-08-08   NIPG  1.7500  1.8100  1.7300  1.7800  45835
1  2025-08-07   NIPG  1.7500  1.7870  1.7000  1.7230  38732
2  2025-08-06   NIPG  1.7450  1.8199  1.6850  1.8000  54423
3  2025-08-05   NIPG  1.8000  1.8000  1.7000  1.7800  86977
4  2025-08-04   NIPG  1.8300  1.9512  1.7100  1.7500  44421
2025-08-11 17:47:38,558 - infrastructure.databases.company.postgre_manager.postgre_manager - INFO - postgre_manager.py:109 - CompanyDataHandler initialized with database connection.
2025-08-11 17:47:38,558 - infrastructure.databases.company.postgre_manager.postgre_manager - INFO - postgre_manager.py:208 - CompanyDataHandler initialized with database connection.
2025-08-11 17:47:38,606 - infrastructure.databases.company.postgre_manager.postgre_manager - INFO - postgre_manager.py:353 - Inserted 260 new rows into daily_timeseries
2025-08-11 17:47:38,613 - AlphaLoader - INFO - alphavantage_adapter.py:189 - Candlestick data for NIPG loaded into the database.
2025-08-11 17:47:38,613 - AlphaLoader - INFO - alphavantage_adapter.py:206 - Fetching company base data for NIPG...
2025-08-11 17:47:38,804 - infrastructure.alpha_adapter.transform_utils - INFO - transform_utils.py:185 - Before transforming company_fundamentals for NIPG:
  Symbol     AssetType                                       Name Description      CIK Exchange Currency Country            Sector                                       Industry                            Address      OfficialSite FiscalYearEnd LatestQuarter MarketCapitalization     EBITDA PERatio PEGRatio BookValue DividendPerShare DividendYield    EPS RevenuePerShareTTM ProfitMargin OperatingMarginTTM ReturnOnAssetsTTM ReturnOnEquityTTM RevenueTTM GrossProfitTTM DilutedEPSTTM QuarterlyEarningsGrowthYOY QuarterlyRevenueGrowthYOY AnalystTargetPrice AnalystRatingStrongBuy AnalystRatingBuy AnalystRatingHold AnalystRatingSell AnalystRatingStrongSell TrailingPE ForwardPE PriceToSalesRatioTTM PriceToBookRatio EVToRevenue EVToEBITDA  Beta 52WeekHigh 52WeekLow 50DayMovingAverage 200DayMovingAverage SharesOutstanding SharesFloat PercentInsiders PercentInstitutions DividendDate ExDividendDate
0   NIPG  Common Stock  NIP Group Inc. American Depositary Shares        None  1966233   NASDAQ      USD     USA  TRADE & SERVICES  SERVICES-MISCELLANEOUS AMUSEMENT & RECREATION  ROSENLUNDSGATAN 31, STOCKHOLM, SE  https://nipg.com      December    2023-12-31            103893000  -11840885    None     None     4.136             None          None  -1.38              2.429       -0.149             -0.257           -0.0337           -0.0512   85266000        3010500         -1.38                          0                    -0.039                  6                      1                0                 0                 0                       0          -         -                1.218            0.443       1.296          -  None       9.09      0.99               1.89               3.557          39365000    52360000           0.000               1.800         None           None
2025-08-11 17:47:38,872 - infrastructure.alpha_adapter.transform_utils - INFO - transform_utils.py:236 - Transformed company_fundamentals for NIPG:
  symbol    asset_type                                       name  description      cik exchange currency country            sector                                       industry                            address     official_site fiscal_year_end latest_quarter  market_capitalization    ebitda  pe_ratio  peg_ratio  book_value  dividend_per_share  dividend_yield   eps  revenue_per_share_ttm  profit_margin  operating_margin_ttm  return_on_assets_ttm  return_on_equity_ttm  revenue_ttm  gross_profit_ttm  diluted_eps_ttm  quarterly_earnings_growth_yoy  quarterly_revenue_growth_yoy  analyst_target_price  analyst_rating_strong_buy  analyst_rating_buy  analyst_rating_hold  analyst_rating_sell  analyst_rating_strong_sell  trailing_pe  forward_pe  price_to_sales_ratio_ttm  price_to_book_ratio  ev_to_revenue  ev_to_ebitda  beta  fifty_two_week_high  fifty_two_week_low  fifty_day_moving_average  two_hundred_day_moving_average  shares_outstanding dividend_date ex_dividend_date data_state last_update
0   NIPG  Common Stock  NIP Group Inc. American Depositary Shares          NaN  1966233   NASDAQ      USD     USA  TRADE & SERVICES  SERVICES-MISCELLANEOUS AMUSEMENT & RECREATION  ROSENLUNDSGATAN 31, STOCKHOLM, SE  https://nipg.com        December     2023-12-31              103893000 -11840885       NaN        NaN       4.136                 NaN             NaN -1.38                  2.429         -0.149                -0.257               -0.0337               -0.0512     85266000           3010500            -1.38                              0                        -0.039                     6                          1                   0                    0                    0                           0          NaN         NaN                     1.218                0.443          1.296           NaN   NaN                 9.09                0.99                      1.89                           3.557            39365000    1900-01-01       1900-01-01       None        None
2025-08-11 17:47:38,876 - infrastructure.databases.company.postgre_manager.postgre_manager - INFO - postgre_manager.py:109 - CompanyDataHandler initialized with database connection.
2025-08-11 17:47:38,876 - infrastructure.databases.company.postgre_manager.postgre_manager - INFO - postgre_manager.py:208 - CompanyDataHandler initialized with database connection.
2025-08-11 17:47:38,907 - infrastructure.databases.company.postgre_manager.postgre_manager - INFO - postgre_manager.py:353 - Inserted 1 new rows into company_fundamentals
2025-08-11 17:47:38,913 - AlphaLoader - INFO - alphavantage_adapter.py:235 - Company base data for NIPG loaded into the database.
2025-08-11 17:47:38,913 - AlphaLoader - INFO - alphavantage_adapter.py:340 - Fetching INSIDER_TRANSACTIONS data for NIPG...
2025-08-11 17:47:39,157 - infrastructure.alpha_adapter.transform_utils - WARNING - transform_utils.py:723 - Skipping NIPG: No insider transactions data returned by API.
2025-08-11 17:47:39,157 - AlphaLoader - INFO - alphavantage_adapter.py:361 - Skipped NIPG: No valid insider transactions data to insert.
2025-08-11 17:47:39,157 - db_initial_load_runner - INFO - initial_load.py:94 -  Initial loader finished its running.
