2025-08-09 18:34:08,765 - db_initial_load_runner - INFO - initial_load.py:56 - Starting initial load for 3 symbols...
2025-08-09 18:34:08,766 - db_initial_load_runner - INFO - initial_load.py:84 - Processing symbol: UFPT
2025-08-09 18:34:08,766 - AlphaLoader - INFO - alphavantage_adapter.py:159 - Fetching data for UFPT...
2025-08-09 18:34:10,434 - AlphaLoader - ERROR - alphavantage_adapter.py:115 - An unexpected Exception occurred: [Errno 2] No such file or directory: 'debug_data/input/20250809_183410_434133_UFPT_daily_time_series_api.json'
2025-08-09 18:34:10,496 - AlphaLoader - ERROR - alphavantage_adapter.py:134 - API response written to: logs/management/debug_data/20250809_183410_434964_UFPT_daily_time_series_api_response.json
2025-08-09 18:34:10,496 - AlphaLoader - INFO - alphavantage_adapter.py:200 - Fetching company base data for UFPT...
2025-08-09 18:34:10,849 - AlphaLoader - ERROR - alphavantage_adapter.py:115 - An unexpected Exception occurred: [Errno 2] No such file or directory: 'debug_data/input/20250809_183410_849132_UFPT_company_fundamentals_api.json'
2025-08-09 18:34:10,850 - AlphaLoader - ERROR - alphavantage_adapter.py:134 - API response written to: logs/management/debug_data/20250809_183410_849959_UFPT_company_fundamentals_api_response.json
2025-08-09 18:34:10,851 - AlphaLoader - INFO - alphavantage_adapter.py:242 - Fetching INCOME_STATEMENT data for UFPT...
2025-08-09 18:34:11,693 - AlphaLoader - ERROR - alphavantage_adapter.py:115 - An unexpected Exception occurred: [Errno 2] No such file or directory: 'debug_data/input/20250809_183411_692919_UFPT_income_statement_api.json'
2025-08-09 18:34:11,697 - AlphaLoader - ERROR - alphavantage_adapter.py:134 - API response written to: logs/management/debug_data/20250809_183411_693450_UFPT_income_statement_api_response.json
2025-08-09 18:34:11,698 - AlphaLoader - INFO - alphavantage_adapter.py:242 - Fetching BALANCE_SHEET data for UFPT...
2025-08-09 18:34:12,127 - AlphaLoader - ERROR - alphavantage_adapter.py:115 - An unexpected Exception occurred: [Errno 2] No such file or directory: 'debug_data/input/20250809_183412_126850_UFPT_balance_sheet_api.json'
2025-08-09 18:34:12,132 - AlphaLoader - ERROR - alphavantage_adapter.py:134 - API response written to: logs/management/debug_data/20250809_183412_127288_UFPT_balance_sheet_api_response.json
2025-08-09 18:34:12,132 - AlphaLoader - INFO - alphavantage_adapter.py:242 - Fetching CASH_FLOW data for UFPT...
2025-08-09 18:34:13,201 - AlphaLoader - ERROR - alphavantage_adapter.py:115 - An unexpected Exception occurred: [Errno 2] No such file or directory: 'debug_data/input/20250809_183413_201712_UFPT_cash_flow_api.json'
2025-08-09 18:34:13,207 - AlphaLoader - ERROR - alphavantage_adapter.py:134 - API response written to: logs/management/debug_data/20250809_183413_202232_UFPT_cash_flow_api_response.json
2025-08-09 18:34:13,207 - AlphaLoader - INFO - alphavantage_adapter.py:242 - Fetching EARNINGS data for UFPT...
2025-08-09 18:34:13,815 - AlphaLoader - ERROR - alphavantage_adapter.py:115 - An unexpected Exception occurred: [Errno 2] No such file or directory: 'debug_data/input/20250809_183413_815358_UFPT_earnings_api.json'
2025-08-09 18:34:13,817 - AlphaLoader - ERROR - alphavantage_adapter.py:134 - API response written to: logs/management/debug_data/20250809_183413_815803_UFPT_earnings_api_response.json
2025-08-09 18:34:13,817 - AlphaLoader - INFO - alphavantage_adapter.py:329 - Fetching INSIDER_TRANSACTIONS data for UFPT...
2025-08-09 18:34:14,826 - AlphaLoader - ERROR - alphavantage_adapter.py:115 - An unexpected Exception occurred: [Errno 2] No such file or directory: 'debug_data/input/20250809_183414_826080_UFPT_insider_transactions_api.json'
2025-08-09 18:34:14,861 - AlphaLoader - ERROR - alphavantage_adapter.py:134 - API response written to: logs/management/debug_data/20250809_183414_826605_UFPT_insider_transactions_api_response.json
2025-08-09 18:34:14,861 - AlphaLoader - INFO - alphavantage_adapter.py:368 - Fetching STOCK_SPLITS data for UFPT...
2025-08-09 18:34:15,145 - AlphaLoader - ERROR - alphavantage_adapter.py:115 - An unexpected Exception occurred: [Errno 2] No such file or directory: 'debug_data/input/20250809_183415_145643_UFPT_stock_splits_api.json'
2025-08-09 18:34:15,146 - AlphaLoader - ERROR - alphavantage_adapter.py:134 - API response written to: logs/management/debug_data/20250809_183415_146152_UFPT_stock_splits_api_response.json
2025-08-09 18:34:15,146 - AlphaLoader - INFO - alphavantage_adapter.py:407 - Fetching DIVIDENDS data for UFPT...
2025-08-09 18:34:15,555 - AlphaLoader - ERROR - alphavantage_adapter.py:115 - An unexpected Exception occurred: [Errno 2] No such file or directory: 'debug_data/input/20250809_183415_555283_UFPT_dividends_api.json'
2025-08-09 18:34:15,555 - AlphaLoader - ERROR - alphavantage_adapter.py:134 - API response written to: logs/management/debug_data/20250809_183415_555689_UFPT_dividends_api_response.json
2025-08-09 18:34:15,556 - db_initial_load_runner - INFO - initial_load.py:84 - Processing symbol: TRSG
2025-08-09 18:34:15,556 - AlphaLoader - INFO - alphavantage_adapter.py:159 - Fetching data for TRSG...
